2018-04-13 16:22:26.638 [main] INFO  org.apache.zookeeper.ZooKeeper -
                Client environment:zookeeper.version=3.3.6-1366786, built on 07/29/2012 06:22 GMT
2018-04-13 16:22:26.647 [main] INFO  org.apache.zookeeper.ZooKeeper -
                Client environment:host.name=192.168.103.214
2018-04-13 16:22:26.647 [main] INFO  org.apache.zookeeper.ZooKeeper -
                Client environment:java.version=1.8.0_131
2018-04-13 16:22:26.648 [main] INFO  org.apache.zookeeper.ZooKeeper -
                Client environment:java.vendor=Oracle Corporation
2018-04-13 16:22:26.650 [main] INFO  org.apache.zookeeper.ZooKeeper -
                Client environment:java.home=/Library/Java/JavaVirtualMachines/jdk1.8.0_131.jdk/Contents/Home/jre
2018-04-13 16:22:26.651 [main] INFO  org.apache.zookeeper.ZooKeeper -
                Client environment:java.class.path=/Library/Java/JavaVirtualMachines/jdk1.8.0_131.jdk/Contents/Home/jre/lib/charsets.jar:/Library/Java/JavaVirtualMachines/jdk1.8.0_131.jdk/Contents/Home/jre/lib/deploy.jar:/Library/Java/JavaVirtualMachines/jdk1.8.0_131.jdk/Contents/Home/jre/lib/ext/cldrdata.jar:/Library/Java/JavaVirtualMachines/jdk1.8.0_131.jdk/Contents/Home/jre/lib/ext/dnsns.jar:/Library/Java/JavaVirtualMachines/jdk1.8.0_131.jdk/Contents/Home/jre/lib/ext/jaccess.jar:/Library/Java/JavaVirtualMachines/jdk1.8.0_131.jdk/Contents/Home/jre/lib/ext/jfxrt.jar:/Library/Java/JavaVirtualMachines/jdk1.8.0_131.jdk/Contents/Home/jre/lib/ext/localedata.jar:/Library/Java/JavaVirtualMachines/jdk1.8.0_131.jdk/Contents/Home/jre/lib/ext/nashorn.jar:/Library/Java/JavaVirtualMachines/jdk1.8.0_131.jdk/Contents/Home/jre/lib/ext/sunec.jar:/Library/Java/JavaVirtualMachines/jdk1.8.0_131.jdk/Contents/Home/jre/lib/ext/sunjce_provider.jar:/Library/Java/JavaVirtualMachines/jdk1.8.0_131.jdk/Contents/Home/jre/lib/ext/sunpkcs11.jar:/Library/Java/JavaVirtualMachines/jdk1.8.0_131.jdk/Contents/Home/jre/lib/ext/zipfs.jar:/Library/Java/JavaVirtualMachines/jdk1.8.0_131.jdk/Contents/Home/jre/lib/javaws.jar:/Library/Java/JavaVirtualMachines/jdk1.8.0_131.jdk/Contents/Home/jre/lib/jce.jar:/Library/Java/JavaVirtualMachines/jdk1.8.0_131.jdk/Contents/Home/jre/lib/jfr.jar:/Library/Java/JavaVirtualMachines/jdk1.8.0_131.jdk/Contents/Home/jre/lib/jfxswt.jar:/Library/Java/JavaVirtualMachines/jdk1.8.0_131.jdk/Contents/Home/jre/lib/jsse.jar:/Library/Java/JavaVirtualMachines/jdk1.8.0_131.jdk/Contents/Home/jre/lib/management-agent.jar:/Library/Java/JavaVirtualMachines/jdk1.8.0_131.jdk/Contents/Home/jre/lib/plugin.jar:/Library/Java/JavaVirtualMachines/jdk1.8.0_131.jdk/Contents/Home/jre/lib/resources.jar:/Library/Java/JavaVirtualMachines/jdk1.8.0_131.jdk/Contents/Home/jre/lib/rt.jar:/Library/Java/JavaVirtualMachines/jdk1.8.0_131.jdk/Contents/Home/lib/ant-javafx.jar:/Library/Java/JavaVirtualMachines/jdk1.8.0_131.jdk/Contents/Home/lib/dt.jar:/Library/Java/JavaVirtualMachines/jdk1.8.0_131.jdk/Contents/Home/lib/javafx-mx.jar:/Library/Java/JavaVirtualMachines/jdk1.8.0_131.jdk/Contents/Home/lib/jconsole.jar:/Library/Java/JavaVirtualMachines/jdk1.8.0_131.jdk/Contents/Home/lib/packager.jar:/Library/Java/JavaVirtualMachines/jdk1.8.0_131.jdk/Contents/Home/lib/sa-jdi.jar:/Library/Java/JavaVirtualMachines/jdk1.8.0_131.jdk/Contents/Home/lib/tools.jar:/Users/Kenvin/Downloads/blog_demos-master/zookeeperdemo/target/classes:/Users/Kenvin/.m2/repository/org/springframework/boot/spring-boot-starter-thymeleaf/1.3.5.RELEASE/spring-boot-starter-thymeleaf-1.3.5.RELEASE.jar:/Users/Kenvin/.m2/repository/org/springframework/boot/spring-boot-starter/1.3.5.RELEASE/spring-boot-starter-1.3.5.RELEASE.jar:/Users/Kenvin/.m2/repository/org/springframework/boot/spring-boot/1.3.5.RELEASE/spring-boot-1.3.5.RELEASE.jar:/Users/Kenvin/.m2/repository/org/springframework/spring-context/4.2.6.RELEASE/spring-context-4.2.6.RELEASE.jar:/Users/Kenvin/.m2/repository/org/springframework/boot/spring-boot-autoconfigure/1.3.5.RELEASE/spring-boot-autoconfigure-1.3.5.RELEASE.jar:/Users/Kenvin/.m2/repository/org/springframework/boot/spring-boot-starter-logging/1.3.5.RELEASE/spring-boot-starter-logging-1.3.5.RELEASE.jar:/Users/Kenvin/.m2/repository/ch/qos/logback/logback-classic/1.1.7/logback-classic-1.1.7.jar:/Users/Kenvin/.m2/repository/ch/qos/logback/logback-core/1.1.7/logback-core-1.1.7.jar:/Users/Kenvin/.m2/repository/org/slf4j/jcl-over-slf4j/1.7.21/jcl-over-slf4j-1.7.21.jar:/Users/Kenvin/.m2/repository/org/slf4j/jul-to-slf4j/1.7.21/jul-to-slf4j-1.7.21.jar:/Users/Kenvin/.m2/repository/org/slf4j/log4j-over-slf4j/1.7.21/log4j-over-slf4j-1.7.21.jar:/Users/Kenvin/.m2/repository/org/yaml/snakeyaml/1.16/snakeyaml-1.16.jar:/Users/Kenvin/.m2/repository/org/springframework/boot/spring-boot-starter-web/1.3.5.RELEASE/spring-boot-starter-web-1.3.5.RELEASE.jar:/Users/Kenvin/.m2/repository/org/springframework/boot/spring-boot-starter-tomcat/1.3.5.RELEASE/spring-boot-starter-tomcat-1.3.5.RELEASE.jar:/Users/Kenvin/.m2/repository/org/apache/tomcat/embed/tomcat-embed-core/8.0.33/tomcat-embed-core-8.0.33.jar:/Users/Kenvin/.m2/repository/org/apache/tomcat/embed/tomcat-embed-el/8.0.33/tomcat-embed-el-8.0.33.jar:/Users/Kenvin/.m2/repository/org/apache/tomcat/embed/tomcat-embed-logging-juli/8.0.33/tomcat-embed-logging-juli-8.0.33.jar:/Users/Kenvin/.m2/repository/org/apache/tomcat/embed/tomcat-embed-websocket/8.0.33/tomcat-embed-websocket-8.0.33.jar:/Users/Kenvin/.m2/repository/org/springframework/boot/spring-boot-starter-validation/1.3.5.RELEASE/spring-boot-starter-validation-1.3.5.RELEASE.jar:/Users/Kenvin/.m2/repository/org/hibernate/hibernate-validator/5.2.4.Final/hibernate-validator-5.2.4.Final.jar:/Users/Kenvin/.m2/repository/javax/validation/validation-api/1.1.0.Final/validation-api-1.1.0.Final.jar:/Users/Kenvin/.m2/repository/org/jboss/logging/jboss-logging/3.3.0.Final/jboss-logging-3.3.0.Final.jar:/Users/Kenvin/.m2/repository/com/fasterxml/classmate/1.1.0/classmate-1.1.0.jar:/Users/Kenvin/.m2/repository/com/fasterxml/jackson/core/jackson-databind/2.6.6/jackson-databind-2.6.6.jar:/Users/Kenvin/.m2/repository/com/fasterxml/jackson/core/jackson-annotations/2.6.6/jackson-annotations-2.6.6.jar:/Users/Kenvin/.m2/repository/com/fasterxml/jackson/core/jackson-core/2.6.6/jackson-core-2.6.6.jar:/Users/Kenvin/.m2/repository/org/springframework/spring-web/4.2.6.RELEASE/spring-web-4.2.6.RELEASE.jar:/Users/Kenvin/.m2/repository/org/springframework/spring-aop/4.2.6.RELEASE/spring-aop-4.2.6.RELEASE.jar:/Users/Kenvin/.m2/repository/aopalliance/aopalliance/1.0/aopalliance-1.0.jar:/Users/Kenvin/.m2/repository/org/springframework/spring-beans/4.2.6.RELEASE/spring-beans-4.2.6.RELEASE.jar:/Users/Kenvin/.m2/repository/org/springframework/spring-webmvc/4.2.6.RELEASE/spring-webmvc-4.2.6.RELEASE.jar:/Users/Kenvin/.m2/repository/org/springframework/spring-expression/4.2.6.RELEASE/spring-expression-4.2.6.RELEASE.jar:/Users/Kenvin/.m2/repository/org/thymeleaf/thymeleaf-spring4/2.1.4.RELEASE/thymeleaf-spring4-2.1.4.RELEASE.jar:/Users/Kenvin/.m2/repository/org/thymeleaf/thymeleaf/2.1.4.RELEASE/thymeleaf-2.1.4.RELEASE.jar:/Users/Kenvin/.m2/repository/ognl/ognl/3.0.8/ognl-3.0.8.jar:/Users/Kenvin/.m2/repository/org/javassist/javassist/3.18.1-GA/javassist-3.18.1-GA.jar:/Users/Kenvin/.m2/repository/org/unbescape/unbescape/1.1.0.RELEASE/unbescape-1.1.0.RELEASE.jar:/Users/Kenvin/.m2/repository/org/slf4j/slf4j-api/1.7.21/slf4j-api-1.7.21.jar:/Users/Kenvin/.m2/repository/nz/net/ultraq/thymeleaf/thymeleaf-layout-dialect/1.3.3/thymeleaf-layout-dialect-1.3.3.jar:/Users/Kenvin/.m2/repository/org/codehaus/groovy/groovy/2.4.6/groovy-2.4.6.jar:/Users/Kenvin/.m2/repository/junit/junit/4.12/junit-4.12.jar:/Users/Kenvin/.m2/repository/org/hamcrest/hamcrest-core/1.3/hamcrest-core-1.3.jar:/Users/Kenvin/.m2/repository/org/springframework/spring-core/4.2.6.RELEASE/spring-core-4.2.6.RELEASE.jar:/Users/Kenvin/.m2/repository/org/apache/zookeeper/zookeeper/3.3.6/zookeeper-3.3.6.jar:/Users/Kenvin/.m2/repository/log4j/log4j/1.2.17/log4j-1.2.17.jar:/Users/Kenvin/.m2/repository/jline/jline/0.9.94/jline-0.9.94.jar
2018-04-13 16:22:26.653 [main] INFO  org.apache.zookeeper.ZooKeeper -
                Client environment:java.library.path=/Users/Kenvin/Library/Java/Extensions:/Library/Java/Extensions:/Network/Library/Java/Extensions:/System/Library/Java/Extensions:/usr/lib/java:.
2018-04-13 16:22:26.653 [main] INFO  org.apache.zookeeper.ZooKeeper -
                Client environment:java.io.tmpdir=/var/folders/86/4rkr83rn1ddgfcyvg4fqbm000000gn/T/
2018-04-13 16:22:26.653 [main] INFO  org.apache.zookeeper.ZooKeeper -
                Client environment:java.compiler=<NA>
2018-04-13 16:22:26.653 [main] INFO  org.apache.zookeeper.ZooKeeper -
                Client environment:os.name=Mac OS X
2018-04-13 16:22:26.653 [main] INFO  org.apache.zookeeper.ZooKeeper -
                Client environment:os.arch=x86_64
2018-04-13 16:22:26.653 [main] INFO  org.apache.zookeeper.ZooKeeper -
                Client environment:os.version=10.13.2
2018-04-13 16:22:26.653 [main] INFO  org.apache.zookeeper.ZooKeeper -
                Client environment:user.name=Kenvin
2018-04-13 16:22:26.653 [main] INFO  org.apache.zookeeper.ZooKeeper -
                Client environment:user.home=/Users/Kenvin
2018-04-13 16:22:26.653 [main] INFO  org.apache.zookeeper.ZooKeeper -
                Client environment:user.dir=/Users/Kenvin/Downloads/blog_demos-master/zookeeperdemo
2018-04-13 16:22:26.656 [main] INFO  org.apache.zookeeper.ZooKeeper -
                Initiating client connection, connectString=101.132.146.115:2181,101.132.146.115:2182,101.132.146.115:2183 sessionTimeout=5000 watcher=com.wangpu.controller.ZKGetNodeData@77b52d12
2018-04-13 16:22:26.697 [main-SendThread()] INFO  org.apache.zookeeper.ClientCnxn -
                Opening socket connection to server /101.132.146.115:2183
2018-04-13 16:22:26.868 [main-SendThread(www.heartmusicbeat.com:2183)] WARN  org.apache.zookeeper.ClientCnxn -
                Session 0x0 for server null, unexpected error, closing socket connection and attempting reconnect
java.net.ConnectException: Connection refused
	at sun.nio.ch.SocketChannelImpl.checkConnect(Native Method)
	at sun.nio.ch.SocketChannelImpl.finishConnect(SocketChannelImpl.java:717)
	at org.apache.zookeeper.ClientCnxn$SendThread.run(ClientCnxn.java:1143)
2018-04-13 16:22:39.529 [main] INFO  org.apache.zookeeper.ZooKeeper -
                Client environment:zookeeper.version=3.3.6-1366786, built on 07/29/2012 06:22 GMT
2018-04-13 16:22:39.532 [main] INFO  org.apache.zookeeper.ZooKeeper -
                Client environment:host.name=192.168.103.214
2018-04-13 16:22:39.532 [main] INFO  org.apache.zookeeper.ZooKeeper -
                Client environment:java.version=1.8.0_131
2018-04-13 16:22:39.533 [main] INFO  org.apache.zookeeper.ZooKeeper -
                Client environment:java.vendor=Oracle Corporation
2018-04-13 16:22:39.533 [main] INFO  org.apache.zookeeper.ZooKeeper -
                Client environment:java.home=/Library/Java/JavaVirtualMachines/jdk1.8.0_131.jdk/Contents/Home/jre
2018-04-13 16:22:39.533 [main] INFO  org.apache.zookeeper.ZooKeeper -
                Client environment:java.class.path=/Library/Java/JavaVirtualMachines/jdk1.8.0_131.jdk/Contents/Home/jre/lib/charsets.jar:/Library/Java/JavaVirtualMachines/jdk1.8.0_131.jdk/Contents/Home/jre/lib/deploy.jar:/Library/Java/JavaVirtualMachines/jdk1.8.0_131.jdk/Contents/Home/jre/lib/ext/cldrdata.jar:/Library/Java/JavaVirtualMachines/jdk1.8.0_131.jdk/Contents/Home/jre/lib/ext/dnsns.jar:/Library/Java/JavaVirtualMachines/jdk1.8.0_131.jdk/Contents/Home/jre/lib/ext/jaccess.jar:/Library/Java/JavaVirtualMachines/jdk1.8.0_131.jdk/Contents/Home/jre/lib/ext/jfxrt.jar:/Library/Java/JavaVirtualMachines/jdk1.8.0_131.jdk/Contents/Home/jre/lib/ext/localedata.jar:/Library/Java/JavaVirtualMachines/jdk1.8.0_131.jdk/Contents/Home/jre/lib/ext/nashorn.jar:/Library/Java/JavaVirtualMachines/jdk1.8.0_131.jdk/Contents/Home/jre/lib/ext/sunec.jar:/Library/Java/JavaVirtualMachines/jdk1.8.0_131.jdk/Contents/Home/jre/lib/ext/sunjce_provider.jar:/Library/Java/JavaVirtualMachines/jdk1.8.0_131.jdk/Contents/Home/jre/lib/ext/sunpkcs11.jar:/Library/Java/JavaVirtualMachines/jdk1.8.0_131.jdk/Contents/Home/jre/lib/ext/zipfs.jar:/Library/Java/JavaVirtualMachines/jdk1.8.0_131.jdk/Contents/Home/jre/lib/javaws.jar:/Library/Java/JavaVirtualMachines/jdk1.8.0_131.jdk/Contents/Home/jre/lib/jce.jar:/Library/Java/JavaVirtualMachines/jdk1.8.0_131.jdk/Contents/Home/jre/lib/jfr.jar:/Library/Java/JavaVirtualMachines/jdk1.8.0_131.jdk/Contents/Home/jre/lib/jfxswt.jar:/Library/Java/JavaVirtualMachines/jdk1.8.0_131.jdk/Contents/Home/jre/lib/jsse.jar:/Library/Java/JavaVirtualMachines/jdk1.8.0_131.jdk/Contents/Home/jre/lib/management-agent.jar:/Library/Java/JavaVirtualMachines/jdk1.8.0_131.jdk/Contents/Home/jre/lib/plugin.jar:/Library/Java/JavaVirtualMachines/jdk1.8.0_131.jdk/Contents/Home/jre/lib/resources.jar:/Library/Java/JavaVirtualMachines/jdk1.8.0_131.jdk/Contents/Home/jre/lib/rt.jar:/Library/Java/JavaVirtualMachines/jdk1.8.0_131.jdk/Contents/Home/lib/ant-javafx.jar:/Library/Java/JavaVirtualMachines/jdk1.8.0_131.jdk/Contents/Home/lib/dt.jar:/Library/Java/JavaVirtualMachines/jdk1.8.0_131.jdk/Contents/Home/lib/javafx-mx.jar:/Library/Java/JavaVirtualMachines/jdk1.8.0_131.jdk/Contents/Home/lib/jconsole.jar:/Library/Java/JavaVirtualMachines/jdk1.8.0_131.jdk/Contents/Home/lib/packager.jar:/Library/Java/JavaVirtualMachines/jdk1.8.0_131.jdk/Contents/Home/lib/sa-jdi.jar:/Library/Java/JavaVirtualMachines/jdk1.8.0_131.jdk/Contents/Home/lib/tools.jar:/Users/Kenvin/Downloads/blog_demos-master/zookeeperdemo/target/classes:/Users/Kenvin/.m2/repository/org/springframework/boot/spring-boot-starter-thymeleaf/1.3.5.RELEASE/spring-boot-starter-thymeleaf-1.3.5.RELEASE.jar:/Users/Kenvin/.m2/repository/org/springframework/boot/spring-boot-starter/1.3.5.RELEASE/spring-boot-starter-1.3.5.RELEASE.jar:/Users/Kenvin/.m2/repository/org/springframework/boot/spring-boot/1.3.5.RELEASE/spring-boot-1.3.5.RELEASE.jar:/Users/Kenvin/.m2/repository/org/springframework/spring-context/4.2.6.RELEASE/spring-context-4.2.6.RELEASE.jar:/Users/Kenvin/.m2/repository/org/springframework/boot/spring-boot-autoconfigure/1.3.5.RELEASE/spring-boot-autoconfigure-1.3.5.RELEASE.jar:/Users/Kenvin/.m2/repository/org/springframework/boot/spring-boot-starter-logging/1.3.5.RELEASE/spring-boot-starter-logging-1.3.5.RELEASE.jar:/Users/Kenvin/.m2/repository/ch/qos/logback/logback-classic/1.1.7/logback-classic-1.1.7.jar:/Users/Kenvin/.m2/repository/ch/qos/logback/logback-core/1.1.7/logback-core-1.1.7.jar:/Users/Kenvin/.m2/repository/org/slf4j/jcl-over-slf4j/1.7.21/jcl-over-slf4j-1.7.21.jar:/Users/Kenvin/.m2/repository/org/slf4j/jul-to-slf4j/1.7.21/jul-to-slf4j-1.7.21.jar:/Users/Kenvin/.m2/repository/org/slf4j/log4j-over-slf4j/1.7.21/log4j-over-slf4j-1.7.21.jar:/Users/Kenvin/.m2/repository/org/yaml/snakeyaml/1.16/snakeyaml-1.16.jar:/Users/Kenvin/.m2/repository/org/springframework/boot/spring-boot-starter-web/1.3.5.RELEASE/spring-boot-starter-web-1.3.5.RELEASE.jar:/Users/Kenvin/.m2/repository/org/springframework/boot/spring-boot-starter-tomcat/1.3.5.RELEASE/spring-boot-starter-tomcat-1.3.5.RELEASE.jar:/Users/Kenvin/.m2/repository/org/apache/tomcat/embed/tomcat-embed-core/8.0.33/tomcat-embed-core-8.0.33.jar:/Users/Kenvin/.m2/repository/org/apache/tomcat/embed/tomcat-embed-el/8.0.33/tomcat-embed-el-8.0.33.jar:/Users/Kenvin/.m2/repository/org/apache/tomcat/embed/tomcat-embed-logging-juli/8.0.33/tomcat-embed-logging-juli-8.0.33.jar:/Users/Kenvin/.m2/repository/org/apache/tomcat/embed/tomcat-embed-websocket/8.0.33/tomcat-embed-websocket-8.0.33.jar:/Users/Kenvin/.m2/repository/org/springframework/boot/spring-boot-starter-validation/1.3.5.RELEASE/spring-boot-starter-validation-1.3.5.RELEASE.jar:/Users/Kenvin/.m2/repository/org/hibernate/hibernate-validator/5.2.4.Final/hibernate-validator-5.2.4.Final.jar:/Users/Kenvin/.m2/repository/javax/validation/validation-api/1.1.0.Final/validation-api-1.1.0.Final.jar:/Users/Kenvin/.m2/repository/org/jboss/logging/jboss-logging/3.3.0.Final/jboss-logging-3.3.0.Final.jar:/Users/Kenvin/.m2/repository/com/fasterxml/classmate/1.1.0/classmate-1.1.0.jar:/Users/Kenvin/.m2/repository/com/fasterxml/jackson/core/jackson-databind/2.6.6/jackson-databind-2.6.6.jar:/Users/Kenvin/.m2/repository/com/fasterxml/jackson/core/jackson-annotations/2.6.6/jackson-annotations-2.6.6.jar:/Users/Kenvin/.m2/repository/com/fasterxml/jackson/core/jackson-core/2.6.6/jackson-core-2.6.6.jar:/Users/Kenvin/.m2/repository/org/springframework/spring-web/4.2.6.RELEASE/spring-web-4.2.6.RELEASE.jar:/Users/Kenvin/.m2/repository/org/springframework/spring-aop/4.2.6.RELEASE/spring-aop-4.2.6.RELEASE.jar:/Users/Kenvin/.m2/repository/aopalliance/aopalliance/1.0/aopalliance-1.0.jar:/Users/Kenvin/.m2/repository/org/springframework/spring-beans/4.2.6.RELEASE/spring-beans-4.2.6.RELEASE.jar:/Users/Kenvin/.m2/repository/org/springframework/spring-webmvc/4.2.6.RELEASE/spring-webmvc-4.2.6.RELEASE.jar:/Users/Kenvin/.m2/repository/org/springframework/spring-expression/4.2.6.RELEASE/spring-expression-4.2.6.RELEASE.jar:/Users/Kenvin/.m2/repository/org/thymeleaf/thymeleaf-spring4/2.1.4.RELEASE/thymeleaf-spring4-2.1.4.RELEASE.jar:/Users/Kenvin/.m2/repository/org/thymeleaf/thymeleaf/2.1.4.RELEASE/thymeleaf-2.1.4.RELEASE.jar:/Users/Kenvin/.m2/repository/ognl/ognl/3.0.8/ognl-3.0.8.jar:/Users/Kenvin/.m2/repository/org/javassist/javassist/3.18.1-GA/javassist-3.18.1-GA.jar:/Users/Kenvin/.m2/repository/org/unbescape/unbescape/1.1.0.RELEASE/unbescape-1.1.0.RELEASE.jar:/Users/Kenvin/.m2/repository/org/slf4j/slf4j-api/1.7.21/slf4j-api-1.7.21.jar:/Users/Kenvin/.m2/repository/nz/net/ultraq/thymeleaf/thymeleaf-layout-dialect/1.3.3/thymeleaf-layout-dialect-1.3.3.jar:/Users/Kenvin/.m2/repository/org/codehaus/groovy/groovy/2.4.6/groovy-2.4.6.jar:/Users/Kenvin/.m2/repository/junit/junit/4.12/junit-4.12.jar:/Users/Kenvin/.m2/repository/org/hamcrest/hamcrest-core/1.3/hamcrest-core-1.3.jar:/Users/Kenvin/.m2/repository/org/springframework/spring-core/4.2.6.RELEASE/spring-core-4.2.6.RELEASE.jar:/Users/Kenvin/.m2/repository/org/apache/zookeeper/zookeeper/3.3.6/zookeeper-3.3.6.jar:/Users/Kenvin/.m2/repository/log4j/log4j/1.2.17/log4j-1.2.17.jar:/Users/Kenvin/.m2/repository/jline/jline/0.9.94/jline-0.9.94.jar
2018-04-13 16:22:39.533 [main] INFO  org.apache.zookeeper.ZooKeeper -
                Client environment:java.library.path=/Users/Kenvin/Library/Java/Extensions:/Library/Java/Extensions:/Network/Library/Java/Extensions:/System/Library/Java/Extensions:/usr/lib/java:.
2018-04-13 16:22:39.534 [main] INFO  org.apache.zookeeper.ZooKeeper -
                Client environment:java.io.tmpdir=/var/folders/86/4rkr83rn1ddgfcyvg4fqbm000000gn/T/
2018-04-13 16:22:39.534 [main] INFO  org.apache.zookeeper.ZooKeeper -
                Client environment:java.compiler=<NA>
2018-04-13 16:22:39.534 [main] INFO  org.apache.zookeeper.ZooKeeper -
                Client environment:os.name=Mac OS X
2018-04-13 16:22:39.534 [main] INFO  org.apache.zookeeper.ZooKeeper -
                Client environment:os.arch=x86_64
2018-04-13 16:22:39.534 [main] INFO  org.apache.zookeeper.ZooKeeper -
                Client environment:os.version=10.13.2
2018-04-13 16:22:39.534 [main] INFO  org.apache.zookeeper.ZooKeeper -
                Client environment:user.name=Kenvin
2018-04-13 16:22:39.534 [main] INFO  org.apache.zookeeper.ZooKeeper -
                Client environment:user.home=/Users/Kenvin
2018-04-13 16:22:39.534 [main] INFO  org.apache.zookeeper.ZooKeeper -
                Client environment:user.dir=/Users/Kenvin/Downloads/blog_demos-master/zookeeperdemo
2018-04-13 16:22:39.536 [main] INFO  org.apache.zookeeper.ZooKeeper -
                Initiating client connection, connectString=101.132.146.115:2181,101.132.146.115:2182,101.132.146.115:2183 sessionTimeout=5000 watcher=com.wangpu.controller.ZKGetNodeData@77b52d12
2018-04-13 16:22:39.565 [main-SendThread()] INFO  org.apache.zookeeper.ClientCnxn -
                Opening socket connection to server /101.132.146.115:2181
2018-04-13 16:22:39.727 [main-SendThread(www.heartmusicbeat.com:2181)] INFO  org.apache.zookeeper.ClientCnxn -
                Socket connection established to www.heartmusicbeat.com/101.132.146.115:2181, initiating session
2018-04-13 16:22:39.747 [main-SendThread(www.heartmusicbeat.com:2181)] INFO  org.apache.zookeeper.ClientCnxn -
                Session establishment complete on server www.heartmusicbeat.com/101.132.146.115:2181, sessionid = 0x162bd0434750029, negotiated timeout = 5000
2018-04-13 16:23:36.105 [main] INFO  org.apache.zookeeper.ZooKeeper -
                Client environment:zookeeper.version=3.3.6-1366786, built on 07/29/2012 06:22 GMT
2018-04-13 16:23:36.122 [main] INFO  org.apache.zookeeper.ZooKeeper -
                Client environment:host.name=192.168.103.214
2018-04-13 16:23:36.123 [main] INFO  org.apache.zookeeper.ZooKeeper -
                Client environment:java.version=1.8.0_131
2018-04-13 16:23:36.123 [main] INFO  org.apache.zookeeper.ZooKeeper -
                Client environment:java.vendor=Oracle Corporation
2018-04-13 16:23:36.123 [main] INFO  org.apache.zookeeper.ZooKeeper -
                Client environment:java.home=/Library/Java/JavaVirtualMachines/jdk1.8.0_131.jdk/Contents/Home/jre
2018-04-13 16:23:36.123 [main] INFO  org.apache.zookeeper.ZooKeeper -
                Client environment:java.class.path=/Library/Java/JavaVirtualMachines/jdk1.8.0_131.jdk/Contents/Home/jre/lib/charsets.jar:/Library/Java/JavaVirtualMachines/jdk1.8.0_131.jdk/Contents/Home/jre/lib/deploy.jar:/Library/Java/JavaVirtualMachines/jdk1.8.0_131.jdk/Contents/Home/jre/lib/ext/cldrdata.jar:/Library/Java/JavaVirtualMachines/jdk1.8.0_131.jdk/Contents/Home/jre/lib/ext/dnsns.jar:/Library/Java/JavaVirtualMachines/jdk1.8.0_131.jdk/Contents/Home/jre/lib/ext/jaccess.jar:/Library/Java/JavaVirtualMachines/jdk1.8.0_131.jdk/Contents/Home/jre/lib/ext/jfxrt.jar:/Library/Java/JavaVirtualMachines/jdk1.8.0_131.jdk/Contents/Home/jre/lib/ext/localedata.jar:/Library/Java/JavaVirtualMachines/jdk1.8.0_131.jdk/Contents/Home/jre/lib/ext/nashorn.jar:/Library/Java/JavaVirtualMachines/jdk1.8.0_131.jdk/Contents/Home/jre/lib/ext/sunec.jar:/Library/Java/JavaVirtualMachines/jdk1.8.0_131.jdk/Contents/Home/jre/lib/ext/sunjce_provider.jar:/Library/Java/JavaVirtualMachines/jdk1.8.0_131.jdk/Contents/Home/jre/lib/ext/sunpkcs11.jar:/Library/Java/JavaVirtualMachines/jdk1.8.0_131.jdk/Contents/Home/jre/lib/ext/zipfs.jar:/Library/Java/JavaVirtualMachines/jdk1.8.0_131.jdk/Contents/Home/jre/lib/javaws.jar:/Library/Java/JavaVirtualMachines/jdk1.8.0_131.jdk/Contents/Home/jre/lib/jce.jar:/Library/Java/JavaVirtualMachines/jdk1.8.0_131.jdk/Contents/Home/jre/lib/jfr.jar:/Library/Java/JavaVirtualMachines/jdk1.8.0_131.jdk/Contents/Home/jre/lib/jfxswt.jar:/Library/Java/JavaVirtualMachines/jdk1.8.0_131.jdk/Contents/Home/jre/lib/jsse.jar:/Library/Java/JavaVirtualMachines/jdk1.8.0_131.jdk/Contents/Home/jre/lib/management-agent.jar:/Library/Java/JavaVirtualMachines/jdk1.8.0_131.jdk/Contents/Home/jre/lib/plugin.jar:/Library/Java/JavaVirtualMachines/jdk1.8.0_131.jdk/Contents/Home/jre/lib/resources.jar:/Library/Java/JavaVirtualMachines/jdk1.8.0_131.jdk/Contents/Home/jre/lib/rt.jar:/Library/Java/JavaVirtualMachines/jdk1.8.0_131.jdk/Contents/Home/lib/ant-javafx.jar:/Library/Java/JavaVirtualMachines/jdk1.8.0_131.jdk/Contents/Home/lib/dt.jar:/Library/Java/JavaVirtualMachines/jdk1.8.0_131.jdk/Contents/Home/lib/javafx-mx.jar:/Library/Java/JavaVirtualMachines/jdk1.8.0_131.jdk/Contents/Home/lib/jconsole.jar:/Library/Java/JavaVirtualMachines/jdk1.8.0_131.jdk/Contents/Home/lib/packager.jar:/Library/Java/JavaVirtualMachines/jdk1.8.0_131.jdk/Contents/Home/lib/sa-jdi.jar:/Library/Java/JavaVirtualMachines/jdk1.8.0_131.jdk/Contents/Home/lib/tools.jar:/Users/Kenvin/Downloads/blog_demos-master/zookeeperdemo/target/classes:/Users/Kenvin/.m2/repository/org/springframework/boot/spring-boot-starter-thymeleaf/1.3.5.RELEASE/spring-boot-starter-thymeleaf-1.3.5.RELEASE.jar:/Users/Kenvin/.m2/repository/org/springframework/boot/spring-boot-starter/1.3.5.RELEASE/spring-boot-starter-1.3.5.RELEASE.jar:/Users/Kenvin/.m2/repository/org/springframework/boot/spring-boot/1.3.5.RELEASE/spring-boot-1.3.5.RELEASE.jar:/Users/Kenvin/.m2/repository/org/springframework/spring-context/4.2.6.RELEASE/spring-context-4.2.6.RELEASE.jar:/Users/Kenvin/.m2/repository/org/springframework/boot/spring-boot-autoconfigure/1.3.5.RELEASE/spring-boot-autoconfigure-1.3.5.RELEASE.jar:/Users/Kenvin/.m2/repository/org/springframework/boot/spring-boot-starter-logging/1.3.5.RELEASE/spring-boot-starter-logging-1.3.5.RELEASE.jar:/Users/Kenvin/.m2/repository/ch/qos/logback/logback-classic/1.1.7/logback-classic-1.1.7.jar:/Users/Kenvin/.m2/repository/ch/qos/logback/logback-core/1.1.7/logback-core-1.1.7.jar:/Users/Kenvin/.m2/repository/org/slf4j/jcl-over-slf4j/1.7.21/jcl-over-slf4j-1.7.21.jar:/Users/Kenvin/.m2/repository/org/slf4j/jul-to-slf4j/1.7.21/jul-to-slf4j-1.7.21.jar:/Users/Kenvin/.m2/repository/org/slf4j/log4j-over-slf4j/1.7.21/log4j-over-slf4j-1.7.21.jar:/Users/Kenvin/.m2/repository/org/yaml/snakeyaml/1.16/snakeyaml-1.16.jar:/Users/Kenvin/.m2/repository/org/springframework/boot/spring-boot-starter-web/1.3.5.RELEASE/spring-boot-starter-web-1.3.5.RELEASE.jar:/Users/Kenvin/.m2/repository/org/springframework/boot/spring-boot-starter-tomcat/1.3.5.RELEASE/spring-boot-starter-tomcat-1.3.5.RELEASE.jar:/Users/Kenvin/.m2/repository/org/apache/tomcat/embed/tomcat-embed-core/8.0.33/tomcat-embed-core-8.0.33.jar:/Users/Kenvin/.m2/repository/org/apache/tomcat/embed/tomcat-embed-el/8.0.33/tomcat-embed-el-8.0.33.jar:/Users/Kenvin/.m2/repository/org/apache/tomcat/embed/tomcat-embed-logging-juli/8.0.33/tomcat-embed-logging-juli-8.0.33.jar:/Users/Kenvin/.m2/repository/org/apache/tomcat/embed/tomcat-embed-websocket/8.0.33/tomcat-embed-websocket-8.0.33.jar:/Users/Kenvin/.m2/repository/org/springframework/boot/spring-boot-starter-validation/1.3.5.RELEASE/spring-boot-starter-validation-1.3.5.RELEASE.jar:/Users/Kenvin/.m2/repository/org/hibernate/hibernate-validator/5.2.4.Final/hibernate-validator-5.2.4.Final.jar:/Users/Kenvin/.m2/repository/javax/validation/validation-api/1.1.0.Final/validation-api-1.1.0.Final.jar:/Users/Kenvin/.m2/repository/org/jboss/logging/jboss-logging/3.3.0.Final/jboss-logging-3.3.0.Final.jar:/Users/Kenvin/.m2/repository/com/fasterxml/classmate/1.1.0/classmate-1.1.0.jar:/Users/Kenvin/.m2/repository/com/fasterxml/jackson/core/jackson-databind/2.6.6/jackson-databind-2.6.6.jar:/Users/Kenvin/.m2/repository/com/fasterxml/jackson/core/jackson-annotations/2.6.6/jackson-annotations-2.6.6.jar:/Users/Kenvin/.m2/repository/com/fasterxml/jackson/core/jackson-core/2.6.6/jackson-core-2.6.6.jar:/Users/Kenvin/.m2/repository/org/springframework/spring-web/4.2.6.RELEASE/spring-web-4.2.6.RELEASE.jar:/Users/Kenvin/.m2/repository/org/springframework/spring-aop/4.2.6.RELEASE/spring-aop-4.2.6.RELEASE.jar:/Users/Kenvin/.m2/repository/aopalliance/aopalliance/1.0/aopalliance-1.0.jar:/Users/Kenvin/.m2/repository/org/springframework/spring-beans/4.2.6.RELEASE/spring-beans-4.2.6.RELEASE.jar:/Users/Kenvin/.m2/repository/org/springframework/spring-webmvc/4.2.6.RELEASE/spring-webmvc-4.2.6.RELEASE.jar:/Users/Kenvin/.m2/repository/org/springframework/spring-expression/4.2.6.RELEASE/spring-expression-4.2.6.RELEASE.jar:/Users/Kenvin/.m2/repository/org/thymeleaf/thymeleaf-spring4/2.1.4.RELEASE/thymeleaf-spring4-2.1.4.RELEASE.jar:/Users/Kenvin/.m2/repository/org/thymeleaf/thymeleaf/2.1.4.RELEASE/thymeleaf-2.1.4.RELEASE.jar:/Users/Kenvin/.m2/repository/ognl/ognl/3.0.8/ognl-3.0.8.jar:/Users/Kenvin/.m2/repository/org/javassist/javassist/3.18.1-GA/javassist-3.18.1-GA.jar:/Users/Kenvin/.m2/repository/org/unbescape/unbescape/1.1.0.RELEASE/unbescape-1.1.0.RELEASE.jar:/Users/Kenvin/.m2/repository/org/slf4j/slf4j-api/1.7.21/slf4j-api-1.7.21.jar:/Users/Kenvin/.m2/repository/nz/net/ultraq/thymeleaf/thymeleaf-layout-dialect/1.3.3/thymeleaf-layout-dialect-1.3.3.jar:/Users/Kenvin/.m2/repository/org/codehaus/groovy/groovy/2.4.6/groovy-2.4.6.jar:/Users/Kenvin/.m2/repository/junit/junit/4.12/junit-4.12.jar:/Users/Kenvin/.m2/repository/org/hamcrest/hamcrest-core/1.3/hamcrest-core-1.3.jar:/Users/Kenvin/.m2/repository/org/springframework/spring-core/4.2.6.RELEASE/spring-core-4.2.6.RELEASE.jar:/Users/Kenvin/.m2/repository/org/apache/zookeeper/zookeeper/3.3.6/zookeeper-3.3.6.jar:/Users/Kenvin/.m2/repository/log4j/log4j/1.2.17/log4j-1.2.17.jar:/Users/Kenvin/.m2/repository/jline/jline/0.9.94/jline-0.9.94.jar
2018-04-13 16:23:36.123 [main] INFO  org.apache.zookeeper.ZooKeeper -
                Client environment:java.library.path=/Users/Kenvin/Library/Java/Extensions:/Library/Java/Extensions:/Network/Library/Java/Extensions:/System/Library/Java/Extensions:/usr/lib/java:.
2018-04-13 16:23:36.123 [main] INFO  org.apache.zookeeper.ZooKeeper -
                Client environment:java.io.tmpdir=/var/folders/86/4rkr83rn1ddgfcyvg4fqbm000000gn/T/
2018-04-13 16:23:36.124 [main] INFO  org.apache.zookeeper.ZooKeeper -
                Client environment:java.compiler=<NA>
2018-04-13 16:23:36.127 [main] INFO  org.apache.zookeeper.ZooKeeper -
                Client environment:os.name=Mac OS X
2018-04-13 16:23:36.128 [main] INFO  org.apache.zookeeper.ZooKeeper -
                Client environment:os.arch=x86_64
2018-04-13 16:23:36.128 [main] INFO  org.apache.zookeeper.ZooKeeper -
                Client environment:os.version=10.13.2
2018-04-13 16:23:36.128 [main] INFO  org.apache.zookeeper.ZooKeeper -
                Client environment:user.name=Kenvin
2018-04-13 16:23:36.128 [main] INFO  org.apache.zookeeper.ZooKeeper -
                Client environment:user.home=/Users/Kenvin
2018-04-13 16:23:36.129 [main] INFO  org.apache.zookeeper.ZooKeeper -
                Client environment:user.dir=/Users/Kenvin/Downloads/blog_demos-master/zookeeperdemo
2018-04-13 16:23:36.144 [main] INFO  org.apache.zookeeper.ZooKeeper -
                Initiating client connection, connectString=101.132.146.115:2181,101.132.146.115:2182,101.132.146.115:2183 sessionTimeout=5000 watcher=com.wangpu.controller.ZKGetNodeData@77b52d12
2018-04-13 16:23:36.189 [main-SendThread()] INFO  org.apache.zookeeper.ClientCnxn -
                Opening socket connection to server /101.132.146.115:2183
2018-04-13 16:23:36.384 [main-SendThread(www.heartmusicbeat.com:2183)] WARN  org.apache.zookeeper.ClientCnxn -
                Session 0x0 for server null, unexpected error, closing socket connection and attempting reconnect
java.net.ConnectException: Connection refused
	at sun.nio.ch.SocketChannelImpl.checkConnect(Native Method)
	at sun.nio.ch.SocketChannelImpl.finishConnect(SocketChannelImpl.java:717)
	at org.apache.zookeeper.ClientCnxn$SendThread.run(ClientCnxn.java:1143)
2018-04-13 16:23:40.773 [main] INFO  org.apache.zookeeper.ZooKeeper -
                Client environment:zookeeper.version=3.3.6-1366786, built on 07/29/2012 06:22 GMT
2018-04-13 16:23:40.779 [main] INFO  org.apache.zookeeper.ZooKeeper -
                Client environment:host.name=192.168.103.214
2018-04-13 16:23:40.780 [main] INFO  org.apache.zookeeper.ZooKeeper -
                Client environment:java.version=1.8.0_131
2018-04-13 16:23:40.780 [main] INFO  org.apache.zookeeper.ZooKeeper -
                Client environment:java.vendor=Oracle Corporation
2018-04-13 16:23:40.780 [main] INFO  org.apache.zookeeper.ZooKeeper -
                Client environment:java.home=/Library/Java/JavaVirtualMachines/jdk1.8.0_131.jdk/Contents/Home/jre
2018-04-13 16:23:40.780 [main] INFO  org.apache.zookeeper.ZooKeeper -
                Client environment:java.class.path=/Library/Java/JavaVirtualMachines/jdk1.8.0_131.jdk/Contents/Home/jre/lib/charsets.jar:/Library/Java/JavaVirtualMachines/jdk1.8.0_131.jdk/Contents/Home/jre/lib/deploy.jar:/Library/Java/JavaVirtualMachines/jdk1.8.0_131.jdk/Contents/Home/jre/lib/ext/cldrdata.jar:/Library/Java/JavaVirtualMachines/jdk1.8.0_131.jdk/Contents/Home/jre/lib/ext/dnsns.jar:/Library/Java/JavaVirtualMachines/jdk1.8.0_131.jdk/Contents/Home/jre/lib/ext/jaccess.jar:/Library/Java/JavaVirtualMachines/jdk1.8.0_131.jdk/Contents/Home/jre/lib/ext/jfxrt.jar:/Library/Java/JavaVirtualMachines/jdk1.8.0_131.jdk/Contents/Home/jre/lib/ext/localedata.jar:/Library/Java/JavaVirtualMachines/jdk1.8.0_131.jdk/Contents/Home/jre/lib/ext/nashorn.jar:/Library/Java/JavaVirtualMachines/jdk1.8.0_131.jdk/Contents/Home/jre/lib/ext/sunec.jar:/Library/Java/JavaVirtualMachines/jdk1.8.0_131.jdk/Contents/Home/jre/lib/ext/sunjce_provider.jar:/Library/Java/JavaVirtualMachines/jdk1.8.0_131.jdk/Contents/Home/jre/lib/ext/sunpkcs11.jar:/Library/Java/JavaVirtualMachines/jdk1.8.0_131.jdk/Contents/Home/jre/lib/ext/zipfs.jar:/Library/Java/JavaVirtualMachines/jdk1.8.0_131.jdk/Contents/Home/jre/lib/javaws.jar:/Library/Java/JavaVirtualMachines/jdk1.8.0_131.jdk/Contents/Home/jre/lib/jce.jar:/Library/Java/JavaVirtualMachines/jdk1.8.0_131.jdk/Contents/Home/jre/lib/jfr.jar:/Library/Java/JavaVirtualMachines/jdk1.8.0_131.jdk/Contents/Home/jre/lib/jfxswt.jar:/Library/Java/JavaVirtualMachines/jdk1.8.0_131.jdk/Contents/Home/jre/lib/jsse.jar:/Library/Java/JavaVirtualMachines/jdk1.8.0_131.jdk/Contents/Home/jre/lib/management-agent.jar:/Library/Java/JavaVirtualMachines/jdk1.8.0_131.jdk/Contents/Home/jre/lib/plugin.jar:/Library/Java/JavaVirtualMachines/jdk1.8.0_131.jdk/Contents/Home/jre/lib/resources.jar:/Library/Java/JavaVirtualMachines/jdk1.8.0_131.jdk/Contents/Home/jre/lib/rt.jar:/Library/Java/JavaVirtualMachines/jdk1.8.0_131.jdk/Contents/Home/lib/ant-javafx.jar:/Library/Java/JavaVirtualMachines/jdk1.8.0_131.jdk/Contents/Home/lib/dt.jar:/Library/Java/JavaVirtualMachines/jdk1.8.0_131.jdk/Contents/Home/lib/javafx-mx.jar:/Library/Java/JavaVirtualMachines/jdk1.8.0_131.jdk/Contents/Home/lib/jconsole.jar:/Library/Java/JavaVirtualMachines/jdk1.8.0_131.jdk/Contents/Home/lib/packager.jar:/Library/Java/JavaVirtualMachines/jdk1.8.0_131.jdk/Contents/Home/lib/sa-jdi.jar:/Library/Java/JavaVirtualMachines/jdk1.8.0_131.jdk/Contents/Home/lib/tools.jar:/Users/Kenvin/Downloads/blog_demos-master/zookeeperdemo/target/classes:/Users/Kenvin/.m2/repository/org/springframework/boot/spring-boot-starter-thymeleaf/1.3.5.RELEASE/spring-boot-starter-thymeleaf-1.3.5.RELEASE.jar:/Users/Kenvin/.m2/repository/org/springframework/boot/spring-boot-starter/1.3.5.RELEASE/spring-boot-starter-1.3.5.RELEASE.jar:/Users/Kenvin/.m2/repository/org/springframework/boot/spring-boot/1.3.5.RELEASE/spring-boot-1.3.5.RELEASE.jar:/Users/Kenvin/.m2/repository/org/springframework/spring-context/4.2.6.RELEASE/spring-context-4.2.6.RELEASE.jar:/Users/Kenvin/.m2/repository/org/springframework/boot/spring-boot-autoconfigure/1.3.5.RELEASE/spring-boot-autoconfigure-1.3.5.RELEASE.jar:/Users/Kenvin/.m2/repository/org/springframework/boot/spring-boot-starter-logging/1.3.5.RELEASE/spring-boot-starter-logging-1.3.5.RELEASE.jar:/Users/Kenvin/.m2/repository/ch/qos/logback/logback-classic/1.1.7/logback-classic-1.1.7.jar:/Users/Kenvin/.m2/repository/ch/qos/logback/logback-core/1.1.7/logback-core-1.1.7.jar:/Users/Kenvin/.m2/repository/org/slf4j/jcl-over-slf4j/1.7.21/jcl-over-slf4j-1.7.21.jar:/Users/Kenvin/.m2/repository/org/slf4j/jul-to-slf4j/1.7.21/jul-to-slf4j-1.7.21.jar:/Users/Kenvin/.m2/repository/org/slf4j/log4j-over-slf4j/1.7.21/log4j-over-slf4j-1.7.21.jar:/Users/Kenvin/.m2/repository/org/yaml/snakeyaml/1.16/snakeyaml-1.16.jar:/Users/Kenvin/.m2/repository/org/springframework/boot/spring-boot-starter-web/1.3.5.RELEASE/spring-boot-starter-web-1.3.5.RELEASE.jar:/Users/Kenvin/.m2/repository/org/springframework/boot/spring-boot-starter-tomcat/1.3.5.RELEASE/spring-boot-starter-tomcat-1.3.5.RELEASE.jar:/Users/Kenvin/.m2/repository/org/apache/tomcat/embed/tomcat-embed-core/8.0.33/tomcat-embed-core-8.0.33.jar:/Users/Kenvin/.m2/repository/org/apache/tomcat/embed/tomcat-embed-el/8.0.33/tomcat-embed-el-8.0.33.jar:/Users/Kenvin/.m2/repository/org/apache/tomcat/embed/tomcat-embed-logging-juli/8.0.33/tomcat-embed-logging-juli-8.0.33.jar:/Users/Kenvin/.m2/repository/org/apache/tomcat/embed/tomcat-embed-websocket/8.0.33/tomcat-embed-websocket-8.0.33.jar:/Users/Kenvin/.m2/repository/org/springframework/boot/spring-boot-starter-validation/1.3.5.RELEASE/spring-boot-starter-validation-1.3.5.RELEASE.jar:/Users/Kenvin/.m2/repository/org/hibernate/hibernate-validator/5.2.4.Final/hibernate-validator-5.2.4.Final.jar:/Users/Kenvin/.m2/repository/javax/validation/validation-api/1.1.0.Final/validation-api-1.1.0.Final.jar:/Users/Kenvin/.m2/repository/org/jboss/logging/jboss-logging/3.3.0.Final/jboss-logging-3.3.0.Final.jar:/Users/Kenvin/.m2/repository/com/fasterxml/classmate/1.1.0/classmate-1.1.0.jar:/Users/Kenvin/.m2/repository/com/fasterxml/jackson/core/jackson-databind/2.6.6/jackson-databind-2.6.6.jar:/Users/Kenvin/.m2/repository/com/fasterxml/jackson/core/jackson-annotations/2.6.6/jackson-annotations-2.6.6.jar:/Users/Kenvin/.m2/repository/com/fasterxml/jackson/core/jackson-core/2.6.6/jackson-core-2.6.6.jar:/Users/Kenvin/.m2/repository/org/springframework/spring-web/4.2.6.RELEASE/spring-web-4.2.6.RELEASE.jar:/Users/Kenvin/.m2/repository/org/springframework/spring-aop/4.2.6.RELEASE/spring-aop-4.2.6.RELEASE.jar:/Users/Kenvin/.m2/repository/aopalliance/aopalliance/1.0/aopalliance-1.0.jar:/Users/Kenvin/.m2/repository/org/springframework/spring-beans/4.2.6.RELEASE/spring-beans-4.2.6.RELEASE.jar:/Users/Kenvin/.m2/repository/org/springframework/spring-webmvc/4.2.6.RELEASE/spring-webmvc-4.2.6.RELEASE.jar:/Users/Kenvin/.m2/repository/org/springframework/spring-expression/4.2.6.RELEASE/spring-expression-4.2.6.RELEASE.jar:/Users/Kenvin/.m2/repository/org/thymeleaf/thymeleaf-spring4/2.1.4.RELEASE/thymeleaf-spring4-2.1.4.RELEASE.jar:/Users/Kenvin/.m2/repository/org/thymeleaf/thymeleaf/2.1.4.RELEASE/thymeleaf-2.1.4.RELEASE.jar:/Users/Kenvin/.m2/repository/ognl/ognl/3.0.8/ognl-3.0.8.jar:/Users/Kenvin/.m2/repository/org/javassist/javassist/3.18.1-GA/javassist-3.18.1-GA.jar:/Users/Kenvin/.m2/repository/org/unbescape/unbescape/1.1.0.RELEASE/unbescape-1.1.0.RELEASE.jar:/Users/Kenvin/.m2/repository/org/slf4j/slf4j-api/1.7.21/slf4j-api-1.7.21.jar:/Users/Kenvin/.m2/repository/nz/net/ultraq/thymeleaf/thymeleaf-layout-dialect/1.3.3/thymeleaf-layout-dialect-1.3.3.jar:/Users/Kenvin/.m2/repository/org/codehaus/groovy/groovy/2.4.6/groovy-2.4.6.jar:/Users/Kenvin/.m2/repository/junit/junit/4.12/junit-4.12.jar:/Users/Kenvin/.m2/repository/org/hamcrest/hamcrest-core/1.3/hamcrest-core-1.3.jar:/Users/Kenvin/.m2/repository/org/springframework/spring-core/4.2.6.RELEASE/spring-core-4.2.6.RELEASE.jar:/Users/Kenvin/.m2/repository/org/apache/zookeeper/zookeeper/3.3.6/zookeeper-3.3.6.jar:/Users/Kenvin/.m2/repository/log4j/log4j/1.2.17/log4j-1.2.17.jar:/Users/Kenvin/.m2/repository/jline/jline/0.9.94/jline-0.9.94.jar
2018-04-13 16:23:40.781 [main] INFO  org.apache.zookeeper.ZooKeeper -
                Client environment:java.library.path=/Users/Kenvin/Library/Java/Extensions:/Library/Java/Extensions:/Network/Library/Java/Extensions:/System/Library/Java/Extensions:/usr/lib/java:.
2018-04-13 16:23:40.781 [main] INFO  org.apache.zookeeper.ZooKeeper -
                Client environment:java.io.tmpdir=/var/folders/86/4rkr83rn1ddgfcyvg4fqbm000000gn/T/
2018-04-13 16:23:40.781 [main] INFO  org.apache.zookeeper.ZooKeeper -
                Client environment:java.compiler=<NA>
2018-04-13 16:23:40.781 [main] INFO  org.apache.zookeeper.ZooKeeper -
                Client environment:os.name=Mac OS X
2018-04-13 16:23:40.782 [main] INFO  org.apache.zookeeper.ZooKeeper -
                Client environment:os.arch=x86_64
2018-04-13 16:23:40.782 [main] INFO  org.apache.zookeeper.ZooKeeper -
                Client environment:os.version=10.13.2
2018-04-13 16:23:40.782 [main] INFO  org.apache.zookeeper.ZooKeeper -
                Client environment:user.name=Kenvin
2018-04-13 16:23:40.782 [main] INFO  org.apache.zookeeper.ZooKeeper -
                Client environment:user.home=/Users/Kenvin
2018-04-13 16:23:40.782 [main] INFO  org.apache.zookeeper.ZooKeeper -
                Client environment:user.dir=/Users/Kenvin/Downloads/blog_demos-master/zookeeperdemo
2018-04-13 16:23:40.786 [main] INFO  org.apache.zookeeper.ZooKeeper -
                Initiating client connection, connectString=101.132.146.115:2181,101.132.146.115:2182,101.132.146.115:2183 sessionTimeout=5000 watcher=com.wangpu.controller.ZKGetNodeData@77b52d12
2018-04-13 16:23:40.827 [main-SendThread()] INFO  org.apache.zookeeper.ClientCnxn -
                Opening socket connection to server /101.132.146.115:2183
2018-04-13 16:23:40.947 [main-SendThread(www.heartmusicbeat.com:2183)] WARN  org.apache.zookeeper.ClientCnxn -
                Session 0x0 for server null, unexpected error, closing socket connection and attempting reconnect
java.net.ConnectException: Connection refused
	at sun.nio.ch.SocketChannelImpl.checkConnect(Native Method)
	at sun.nio.ch.SocketChannelImpl.finishConnect(SocketChannelImpl.java:717)
	at org.apache.zookeeper.ClientCnxn$SendThread.run(ClientCnxn.java:1143)
2018-04-13 16:23:46.708 [main] INFO  org.apache.zookeeper.ZooKeeper -
                Client environment:zookeeper.version=3.3.6-1366786, built on 07/29/2012 06:22 GMT
2018-04-13 16:23:46.719 [main] INFO  org.apache.zookeeper.ZooKeeper -
                Client environment:host.name=192.168.103.214
2018-04-13 16:23:46.719 [main] INFO  org.apache.zookeeper.ZooKeeper -
                Client environment:java.version=1.8.0_131
2018-04-13 16:23:46.720 [main] INFO  org.apache.zookeeper.ZooKeeper -
                Client environment:java.vendor=Oracle Corporation
2018-04-13 16:23:46.723 [main] INFO  org.apache.zookeeper.ZooKeeper -
                Client environment:java.home=/Library/Java/JavaVirtualMachines/jdk1.8.0_131.jdk/Contents/Home/jre
2018-04-13 16:23:46.723 [main] INFO  org.apache.zookeeper.ZooKeeper -
                Client environment:java.class.path=/Library/Java/JavaVirtualMachines/jdk1.8.0_131.jdk/Contents/Home/jre/lib/charsets.jar:/Library/Java/JavaVirtualMachines/jdk1.8.0_131.jdk/Contents/Home/jre/lib/deploy.jar:/Library/Java/JavaVirtualMachines/jdk1.8.0_131.jdk/Contents/Home/jre/lib/ext/cldrdata.jar:/Library/Java/JavaVirtualMachines/jdk1.8.0_131.jdk/Contents/Home/jre/lib/ext/dnsns.jar:/Library/Java/JavaVirtualMachines/jdk1.8.0_131.jdk/Contents/Home/jre/lib/ext/jaccess.jar:/Library/Java/JavaVirtualMachines/jdk1.8.0_131.jdk/Contents/Home/jre/lib/ext/jfxrt.jar:/Library/Java/JavaVirtualMachines/jdk1.8.0_131.jdk/Contents/Home/jre/lib/ext/localedata.jar:/Library/Java/JavaVirtualMachines/jdk1.8.0_131.jdk/Contents/Home/jre/lib/ext/nashorn.jar:/Library/Java/JavaVirtualMachines/jdk1.8.0_131.jdk/Contents/Home/jre/lib/ext/sunec.jar:/Library/Java/JavaVirtualMachines/jdk1.8.0_131.jdk/Contents/Home/jre/lib/ext/sunjce_provider.jar:/Library/Java/JavaVirtualMachines/jdk1.8.0_131.jdk/Contents/Home/jre/lib/ext/sunpkcs11.jar:/Library/Java/JavaVirtualMachines/jdk1.8.0_131.jdk/Contents/Home/jre/lib/ext/zipfs.jar:/Library/Java/JavaVirtualMachines/jdk1.8.0_131.jdk/Contents/Home/jre/lib/javaws.jar:/Library/Java/JavaVirtualMachines/jdk1.8.0_131.jdk/Contents/Home/jre/lib/jce.jar:/Library/Java/JavaVirtualMachines/jdk1.8.0_131.jdk/Contents/Home/jre/lib/jfr.jar:/Library/Java/JavaVirtualMachines/jdk1.8.0_131.jdk/Contents/Home/jre/lib/jfxswt.jar:/Library/Java/JavaVirtualMachines/jdk1.8.0_131.jdk/Contents/Home/jre/lib/jsse.jar:/Library/Java/JavaVirtualMachines/jdk1.8.0_131.jdk/Contents/Home/jre/lib/management-agent.jar:/Library/Java/JavaVirtualMachines/jdk1.8.0_131.jdk/Contents/Home/jre/lib/plugin.jar:/Library/Java/JavaVirtualMachines/jdk1.8.0_131.jdk/Contents/Home/jre/lib/resources.jar:/Library/Java/JavaVirtualMachines/jdk1.8.0_131.jdk/Contents/Home/jre/lib/rt.jar:/Library/Java/JavaVirtualMachines/jdk1.8.0_131.jdk/Contents/Home/lib/ant-javafx.jar:/Library/Java/JavaVirtualMachines/jdk1.8.0_131.jdk/Contents/Home/lib/dt.jar:/Library/Java/JavaVirtualMachines/jdk1.8.0_131.jdk/Contents/Home/lib/javafx-mx.jar:/Library/Java/JavaVirtualMachines/jdk1.8.0_131.jdk/Contents/Home/lib/jconsole.jar:/Library/Java/JavaVirtualMachines/jdk1.8.0_131.jdk/Contents/Home/lib/packager.jar:/Library/Java/JavaVirtualMachines/jdk1.8.0_131.jdk/Contents/Home/lib/sa-jdi.jar:/Library/Java/JavaVirtualMachines/jdk1.8.0_131.jdk/Contents/Home/lib/tools.jar:/Users/Kenvin/Downloads/blog_demos-master/zookeeperdemo/target/classes:/Users/Kenvin/.m2/repository/org/springframework/boot/spring-boot-starter-thymeleaf/1.3.5.RELEASE/spring-boot-starter-thymeleaf-1.3.5.RELEASE.jar:/Users/Kenvin/.m2/repository/org/springframework/boot/spring-boot-starter/1.3.5.RELEASE/spring-boot-starter-1.3.5.RELEASE.jar:/Users/Kenvin/.m2/repository/org/springframework/boot/spring-boot/1.3.5.RELEASE/spring-boot-1.3.5.RELEASE.jar:/Users/Kenvin/.m2/repository/org/springframework/spring-context/4.2.6.RELEASE/spring-context-4.2.6.RELEASE.jar:/Users/Kenvin/.m2/repository/org/springframework/boot/spring-boot-autoconfigure/1.3.5.RELEASE/spring-boot-autoconfigure-1.3.5.RELEASE.jar:/Users/Kenvin/.m2/repository/org/springframework/boot/spring-boot-starter-logging/1.3.5.RELEASE/spring-boot-starter-logging-1.3.5.RELEASE.jar:/Users/Kenvin/.m2/repository/ch/qos/logback/logback-classic/1.1.7/logback-classic-1.1.7.jar:/Users/Kenvin/.m2/repository/ch/qos/logback/logback-core/1.1.7/logback-core-1.1.7.jar:/Users/Kenvin/.m2/repository/org/slf4j/jcl-over-slf4j/1.7.21/jcl-over-slf4j-1.7.21.jar:/Users/Kenvin/.m2/repository/org/slf4j/jul-to-slf4j/1.7.21/jul-to-slf4j-1.7.21.jar:/Users/Kenvin/.m2/repository/org/slf4j/log4j-over-slf4j/1.7.21/log4j-over-slf4j-1.7.21.jar:/Users/Kenvin/.m2/repository/org/yaml/snakeyaml/1.16/snakeyaml-1.16.jar:/Users/Kenvin/.m2/repository/org/springframework/boot/spring-boot-starter-web/1.3.5.RELEASE/spring-boot-starter-web-1.3.5.RELEASE.jar:/Users/Kenvin/.m2/repository/org/springframework/boot/spring-boot-starter-tomcat/1.3.5.RELEASE/spring-boot-starter-tomcat-1.3.5.RELEASE.jar:/Users/Kenvin/.m2/repository/org/apache/tomcat/embed/tomcat-embed-core/8.0.33/tomcat-embed-core-8.0.33.jar:/Users/Kenvin/.m2/repository/org/apache/tomcat/embed/tomcat-embed-el/8.0.33/tomcat-embed-el-8.0.33.jar:/Users/Kenvin/.m2/repository/org/apache/tomcat/embed/tomcat-embed-logging-juli/8.0.33/tomcat-embed-logging-juli-8.0.33.jar:/Users/Kenvin/.m2/repository/org/apache/tomcat/embed/tomcat-embed-websocket/8.0.33/tomcat-embed-websocket-8.0.33.jar:/Users/Kenvin/.m2/repository/org/springframework/boot/spring-boot-starter-validation/1.3.5.RELEASE/spring-boot-starter-validation-1.3.5.RELEASE.jar:/Users/Kenvin/.m2/repository/org/hibernate/hibernate-validator/5.2.4.Final/hibernate-validator-5.2.4.Final.jar:/Users/Kenvin/.m2/repository/javax/validation/validation-api/1.1.0.Final/validation-api-1.1.0.Final.jar:/Users/Kenvin/.m2/repository/org/jboss/logging/jboss-logging/3.3.0.Final/jboss-logging-3.3.0.Final.jar:/Users/Kenvin/.m2/repository/com/fasterxml/classmate/1.1.0/classmate-1.1.0.jar:/Users/Kenvin/.m2/repository/com/fasterxml/jackson/core/jackson-databind/2.6.6/jackson-databind-2.6.6.jar:/Users/Kenvin/.m2/repository/com/fasterxml/jackson/core/jackson-annotations/2.6.6/jackson-annotations-2.6.6.jar:/Users/Kenvin/.m2/repository/com/fasterxml/jackson/core/jackson-core/2.6.6/jackson-core-2.6.6.jar:/Users/Kenvin/.m2/repository/org/springframework/spring-web/4.2.6.RELEASE/spring-web-4.2.6.RELEASE.jar:/Users/Kenvin/.m2/repository/org/springframework/spring-aop/4.2.6.RELEASE/spring-aop-4.2.6.RELEASE.jar:/Users/Kenvin/.m2/repository/aopalliance/aopalliance/1.0/aopalliance-1.0.jar:/Users/Kenvin/.m2/repository/org/springframework/spring-beans/4.2.6.RELEASE/spring-beans-4.2.6.RELEASE.jar:/Users/Kenvin/.m2/repository/org/springframework/spring-webmvc/4.2.6.RELEASE/spring-webmvc-4.2.6.RELEASE.jar:/Users/Kenvin/.m2/repository/org/springframework/spring-expression/4.2.6.RELEASE/spring-expression-4.2.6.RELEASE.jar:/Users/Kenvin/.m2/repository/org/thymeleaf/thymeleaf-spring4/2.1.4.RELEASE/thymeleaf-spring4-2.1.4.RELEASE.jar:/Users/Kenvin/.m2/repository/org/thymeleaf/thymeleaf/2.1.4.RELEASE/thymeleaf-2.1.4.RELEASE.jar:/Users/Kenvin/.m2/repository/ognl/ognl/3.0.8/ognl-3.0.8.jar:/Users/Kenvin/.m2/repository/org/javassist/javassist/3.18.1-GA/javassist-3.18.1-GA.jar:/Users/Kenvin/.m2/repository/org/unbescape/unbescape/1.1.0.RELEASE/unbescape-1.1.0.RELEASE.jar:/Users/Kenvin/.m2/repository/org/slf4j/slf4j-api/1.7.21/slf4j-api-1.7.21.jar:/Users/Kenvin/.m2/repository/nz/net/ultraq/thymeleaf/thymeleaf-layout-dialect/1.3.3/thymeleaf-layout-dialect-1.3.3.jar:/Users/Kenvin/.m2/repository/org/codehaus/groovy/groovy/2.4.6/groovy-2.4.6.jar:/Users/Kenvin/.m2/repository/junit/junit/4.12/junit-4.12.jar:/Users/Kenvin/.m2/repository/org/hamcrest/hamcrest-core/1.3/hamcrest-core-1.3.jar:/Users/Kenvin/.m2/repository/org/springframework/spring-core/4.2.6.RELEASE/spring-core-4.2.6.RELEASE.jar:/Users/Kenvin/.m2/repository/org/apache/zookeeper/zookeeper/3.3.6/zookeeper-3.3.6.jar:/Users/Kenvin/.m2/repository/log4j/log4j/1.2.17/log4j-1.2.17.jar:/Users/Kenvin/.m2/repository/jline/jline/0.9.94/jline-0.9.94.jar
2018-04-13 16:23:46.726 [main] INFO  org.apache.zookeeper.ZooKeeper -
                Client environment:java.library.path=/Users/Kenvin/Library/Java/Extensions:/Library/Java/Extensions:/Network/Library/Java/Extensions:/System/Library/Java/Extensions:/usr/lib/java:.
2018-04-13 16:23:46.726 [main] INFO  org.apache.zookeeper.ZooKeeper -
                Client environment:java.io.tmpdir=/var/folders/86/4rkr83rn1ddgfcyvg4fqbm000000gn/T/
2018-04-13 16:23:46.726 [main] INFO  org.apache.zookeeper.ZooKeeper -
                Client environment:java.compiler=<NA>
2018-04-13 16:23:46.726 [main] INFO  org.apache.zookeeper.ZooKeeper -
                Client environment:os.name=Mac OS X
2018-04-13 16:23:46.727 [main] INFO  org.apache.zookeeper.ZooKeeper -
                Client environment:os.arch=x86_64
2018-04-13 16:23:46.727 [main] INFO  org.apache.zookeeper.ZooKeeper -
                Client environment:os.version=10.13.2
2018-04-13 16:23:46.727 [main] INFO  org.apache.zookeeper.ZooKeeper -
                Client environment:user.name=Kenvin
2018-04-13 16:23:46.728 [main] INFO  org.apache.zookeeper.ZooKeeper -
                Client environment:user.home=/Users/Kenvin
2018-04-13 16:23:46.728 [main] INFO  org.apache.zookeeper.ZooKeeper -
                Client environment:user.dir=/Users/Kenvin/Downloads/blog_demos-master/zookeeperdemo
2018-04-13 16:23:46.730 [main] INFO  org.apache.zookeeper.ZooKeeper -
                Initiating client connection, connectString=101.132.146.115:2181,101.132.146.115:2182,101.132.146.115:2183 sessionTimeout=5000 watcher=com.wangpu.controller.ZKGetNodeData@77b52d12
2018-04-13 16:23:46.759 [main-SendThread()] INFO  org.apache.zookeeper.ClientCnxn -
                Opening socket connection to server /101.132.146.115:2182
2018-04-13 16:23:46.861 [main-SendThread(www.heartmusicbeat.com:2182)] INFO  org.apache.zookeeper.ClientCnxn -
                Socket connection established to www.heartmusicbeat.com/101.132.146.115:2182, initiating session
2018-04-13 16:23:46.883 [main-SendThread(www.heartmusicbeat.com:2182)] INFO  org.apache.zookeeper.ClientCnxn -
                Session establishment complete on server www.heartmusicbeat.com/101.132.146.115:2182, sessionid = 0x262bd043471001b, negotiated timeout = 5000
2018-04-13 16:24:36.727 [main] INFO  org.apache.zookeeper.ZooKeeper -
                Client environment:zookeeper.version=3.3.6-1366786, built on 07/29/2012 06:22 GMT
2018-04-13 16:24:36.735 [main] INFO  org.apache.zookeeper.ZooKeeper -
                Client environment:host.name=192.168.103.214
2018-04-13 16:24:36.735 [main] INFO  org.apache.zookeeper.ZooKeeper -
                Client environment:java.version=1.8.0_131
2018-04-13 16:24:36.735 [main] INFO  org.apache.zookeeper.ZooKeeper -
                Client environment:java.vendor=Oracle Corporation
2018-04-13 16:24:36.735 [main] INFO  org.apache.zookeeper.ZooKeeper -
                Client environment:java.home=/Library/Java/JavaVirtualMachines/jdk1.8.0_131.jdk/Contents/Home/jre
2018-04-13 16:24:36.736 [main] INFO  org.apache.zookeeper.ZooKeeper -
                Client environment:java.class.path=/Library/Java/JavaVirtualMachines/jdk1.8.0_131.jdk/Contents/Home/jre/lib/charsets.jar:/Library/Java/JavaVirtualMachines/jdk1.8.0_131.jdk/Contents/Home/jre/lib/deploy.jar:/Library/Java/JavaVirtualMachines/jdk1.8.0_131.jdk/Contents/Home/jre/lib/ext/cldrdata.jar:/Library/Java/JavaVirtualMachines/jdk1.8.0_131.jdk/Contents/Home/jre/lib/ext/dnsns.jar:/Library/Java/JavaVirtualMachines/jdk1.8.0_131.jdk/Contents/Home/jre/lib/ext/jaccess.jar:/Library/Java/JavaVirtualMachines/jdk1.8.0_131.jdk/Contents/Home/jre/lib/ext/jfxrt.jar:/Library/Java/JavaVirtualMachines/jdk1.8.0_131.jdk/Contents/Home/jre/lib/ext/localedata.jar:/Library/Java/JavaVirtualMachines/jdk1.8.0_131.jdk/Contents/Home/jre/lib/ext/nashorn.jar:/Library/Java/JavaVirtualMachines/jdk1.8.0_131.jdk/Contents/Home/jre/lib/ext/sunec.jar:/Library/Java/JavaVirtualMachines/jdk1.8.0_131.jdk/Contents/Home/jre/lib/ext/sunjce_provider.jar:/Library/Java/JavaVirtualMachines/jdk1.8.0_131.jdk/Contents/Home/jre/lib/ext/sunpkcs11.jar:/Library/Java/JavaVirtualMachines/jdk1.8.0_131.jdk/Contents/Home/jre/lib/ext/zipfs.jar:/Library/Java/JavaVirtualMachines/jdk1.8.0_131.jdk/Contents/Home/jre/lib/javaws.jar:/Library/Java/JavaVirtualMachines/jdk1.8.0_131.jdk/Contents/Home/jre/lib/jce.jar:/Library/Java/JavaVirtualMachines/jdk1.8.0_131.jdk/Contents/Home/jre/lib/jfr.jar:/Library/Java/JavaVirtualMachines/jdk1.8.0_131.jdk/Contents/Home/jre/lib/jfxswt.jar:/Library/Java/JavaVirtualMachines/jdk1.8.0_131.jdk/Contents/Home/jre/lib/jsse.jar:/Library/Java/JavaVirtualMachines/jdk1.8.0_131.jdk/Contents/Home/jre/lib/management-agent.jar:/Library/Java/JavaVirtualMachines/jdk1.8.0_131.jdk/Contents/Home/jre/lib/plugin.jar:/Library/Java/JavaVirtualMachines/jdk1.8.0_131.jdk/Contents/Home/jre/lib/resources.jar:/Library/Java/JavaVirtualMachines/jdk1.8.0_131.jdk/Contents/Home/jre/lib/rt.jar:/Library/Java/JavaVirtualMachines/jdk1.8.0_131.jdk/Contents/Home/lib/ant-javafx.jar:/Library/Java/JavaVirtualMachines/jdk1.8.0_131.jdk/Contents/Home/lib/dt.jar:/Library/Java/JavaVirtualMachines/jdk1.8.0_131.jdk/Contents/Home/lib/javafx-mx.jar:/Library/Java/JavaVirtualMachines/jdk1.8.0_131.jdk/Contents/Home/lib/jconsole.jar:/Library/Java/JavaVirtualMachines/jdk1.8.0_131.jdk/Contents/Home/lib/packager.jar:/Library/Java/JavaVirtualMachines/jdk1.8.0_131.jdk/Contents/Home/lib/sa-jdi.jar:/Library/Java/JavaVirtualMachines/jdk1.8.0_131.jdk/Contents/Home/lib/tools.jar:/Users/Kenvin/Downloads/blog_demos-master/zookeeperdemo/target/classes:/Users/Kenvin/.m2/repository/org/springframework/boot/spring-boot-starter-thymeleaf/1.3.5.RELEASE/spring-boot-starter-thymeleaf-1.3.5.RELEASE.jar:/Users/Kenvin/.m2/repository/org/springframework/boot/spring-boot-starter/1.3.5.RELEASE/spring-boot-starter-1.3.5.RELEASE.jar:/Users/Kenvin/.m2/repository/org/springframework/boot/spring-boot/1.3.5.RELEASE/spring-boot-1.3.5.RELEASE.jar:/Users/Kenvin/.m2/repository/org/springframework/spring-context/4.2.6.RELEASE/spring-context-4.2.6.RELEASE.jar:/Users/Kenvin/.m2/repository/org/springframework/boot/spring-boot-autoconfigure/1.3.5.RELEASE/spring-boot-autoconfigure-1.3.5.RELEASE.jar:/Users/Kenvin/.m2/repository/org/springframework/boot/spring-boot-starter-logging/1.3.5.RELEASE/spring-boot-starter-logging-1.3.5.RELEASE.jar:/Users/Kenvin/.m2/repository/ch/qos/logback/logback-classic/1.1.7/logback-classic-1.1.7.jar:/Users/Kenvin/.m2/repository/ch/qos/logback/logback-core/1.1.7/logback-core-1.1.7.jar:/Users/Kenvin/.m2/repository/org/slf4j/jcl-over-slf4j/1.7.21/jcl-over-slf4j-1.7.21.jar:/Users/Kenvin/.m2/repository/org/slf4j/jul-to-slf4j/1.7.21/jul-to-slf4j-1.7.21.jar:/Users/Kenvin/.m2/repository/org/slf4j/log4j-over-slf4j/1.7.21/log4j-over-slf4j-1.7.21.jar:/Users/Kenvin/.m2/repository/org/yaml/snakeyaml/1.16/snakeyaml-1.16.jar:/Users/Kenvin/.m2/repository/org/springframework/boot/spring-boot-starter-web/1.3.5.RELEASE/spring-boot-starter-web-1.3.5.RELEASE.jar:/Users/Kenvin/.m2/repository/org/springframework/boot/spring-boot-starter-tomcat/1.3.5.RELEASE/spring-boot-starter-tomcat-1.3.5.RELEASE.jar:/Users/Kenvin/.m2/repository/org/apache/tomcat/embed/tomcat-embed-core/8.0.33/tomcat-embed-core-8.0.33.jar:/Users/Kenvin/.m2/repository/org/apache/tomcat/embed/tomcat-embed-el/8.0.33/tomcat-embed-el-8.0.33.jar:/Users/Kenvin/.m2/repository/org/apache/tomcat/embed/tomcat-embed-logging-juli/8.0.33/tomcat-embed-logging-juli-8.0.33.jar:/Users/Kenvin/.m2/repository/org/apache/tomcat/embed/tomcat-embed-websocket/8.0.33/tomcat-embed-websocket-8.0.33.jar:/Users/Kenvin/.m2/repository/org/springframework/boot/spring-boot-starter-validation/1.3.5.RELEASE/spring-boot-starter-validation-1.3.5.RELEASE.jar:/Users/Kenvin/.m2/repository/org/hibernate/hibernate-validator/5.2.4.Final/hibernate-validator-5.2.4.Final.jar:/Users/Kenvin/.m2/repository/javax/validation/validation-api/1.1.0.Final/validation-api-1.1.0.Final.jar:/Users/Kenvin/.m2/repository/org/jboss/logging/jboss-logging/3.3.0.Final/jboss-logging-3.3.0.Final.jar:/Users/Kenvin/.m2/repository/com/fasterxml/classmate/1.1.0/classmate-1.1.0.jar:/Users/Kenvin/.m2/repository/com/fasterxml/jackson/core/jackson-databind/2.6.6/jackson-databind-2.6.6.jar:/Users/Kenvin/.m2/repository/com/fasterxml/jackson/core/jackson-annotations/2.6.6/jackson-annotations-2.6.6.jar:/Users/Kenvin/.m2/repository/com/fasterxml/jackson/core/jackson-core/2.6.6/jackson-core-2.6.6.jar:/Users/Kenvin/.m2/repository/org/springframework/spring-web/4.2.6.RELEASE/spring-web-4.2.6.RELEASE.jar:/Users/Kenvin/.m2/repository/org/springframework/spring-aop/4.2.6.RELEASE/spring-aop-4.2.6.RELEASE.jar:/Users/Kenvin/.m2/repository/aopalliance/aopalliance/1.0/aopalliance-1.0.jar:/Users/Kenvin/.m2/repository/org/springframework/spring-beans/4.2.6.RELEASE/spring-beans-4.2.6.RELEASE.jar:/Users/Kenvin/.m2/repository/org/springframework/spring-webmvc/4.2.6.RELEASE/spring-webmvc-4.2.6.RELEASE.jar:/Users/Kenvin/.m2/repository/org/springframework/spring-expression/4.2.6.RELEASE/spring-expression-4.2.6.RELEASE.jar:/Users/Kenvin/.m2/repository/org/thymeleaf/thymeleaf-spring4/2.1.4.RELEASE/thymeleaf-spring4-2.1.4.RELEASE.jar:/Users/Kenvin/.m2/repository/org/thymeleaf/thymeleaf/2.1.4.RELEASE/thymeleaf-2.1.4.RELEASE.jar:/Users/Kenvin/.m2/repository/ognl/ognl/3.0.8/ognl-3.0.8.jar:/Users/Kenvin/.m2/repository/org/javassist/javassist/3.18.1-GA/javassist-3.18.1-GA.jar:/Users/Kenvin/.m2/repository/org/unbescape/unbescape/1.1.0.RELEASE/unbescape-1.1.0.RELEASE.jar:/Users/Kenvin/.m2/repository/org/slf4j/slf4j-api/1.7.21/slf4j-api-1.7.21.jar:/Users/Kenvin/.m2/repository/nz/net/ultraq/thymeleaf/thymeleaf-layout-dialect/1.3.3/thymeleaf-layout-dialect-1.3.3.jar:/Users/Kenvin/.m2/repository/org/codehaus/groovy/groovy/2.4.6/groovy-2.4.6.jar:/Users/Kenvin/.m2/repository/junit/junit/4.12/junit-4.12.jar:/Users/Kenvin/.m2/repository/org/hamcrest/hamcrest-core/1.3/hamcrest-core-1.3.jar:/Users/Kenvin/.m2/repository/org/springframework/spring-core/4.2.6.RELEASE/spring-core-4.2.6.RELEASE.jar:/Users/Kenvin/.m2/repository/org/apache/zookeeper/zookeeper/3.3.6/zookeeper-3.3.6.jar:/Users/Kenvin/.m2/repository/log4j/log4j/1.2.17/log4j-1.2.17.jar:/Users/Kenvin/.m2/repository/jline/jline/0.9.94/jline-0.9.94.jar:/Applications/IntelliJ IDEA.app/Contents/lib/idea_rt.jar
2018-04-13 16:24:36.736 [main] INFO  org.apache.zookeeper.ZooKeeper -
                Client environment:java.library.path=/Users/Kenvin/Library/Java/Extensions:/Library/Java/Extensions:/Network/Library/Java/Extensions:/System/Library/Java/Extensions:/usr/lib/java:.
2018-04-13 16:24:36.736 [main] INFO  org.apache.zookeeper.ZooKeeper -
                Client environment:java.io.tmpdir=/var/folders/86/4rkr83rn1ddgfcyvg4fqbm000000gn/T/
2018-04-13 16:24:36.736 [main] INFO  org.apache.zookeeper.ZooKeeper -
                Client environment:java.compiler=<NA>
2018-04-13 16:24:36.737 [main] INFO  org.apache.zookeeper.ZooKeeper -
                Client environment:os.name=Mac OS X
2018-04-13 16:24:36.737 [main] INFO  org.apache.zookeeper.ZooKeeper -
                Client environment:os.arch=x86_64
2018-04-13 16:24:36.737 [main] INFO  org.apache.zookeeper.ZooKeeper -
                Client environment:os.version=10.13.2
2018-04-13 16:24:36.737 [main] INFO  org.apache.zookeeper.ZooKeeper -
                Client environment:user.name=Kenvin
2018-04-13 16:24:36.737 [main] INFO  org.apache.zookeeper.ZooKeeper -
                Client environment:user.home=/Users/Kenvin
2018-04-13 16:24:36.737 [main] INFO  org.apache.zookeeper.ZooKeeper -
                Client environment:user.dir=/Users/Kenvin/Downloads/blog_demos-master/zookeeperdemo
2018-04-13 16:24:36.739 [main] INFO  org.apache.zookeeper.ZooKeeper -
                Initiating client connection, connectString=101.132.146.115:2181,101.132.146.115:2182,101.132.146.115:2183 sessionTimeout=5000 watcher=com.wangpu.controller.ZKGetNodeData@3c153a1
2018-04-13 16:24:36.770 [main-SendThread()] INFO  org.apache.zookeeper.ClientCnxn -
                Opening socket connection to server /101.132.146.115:2183
2018-04-13 16:24:36.906 [main-SendThread(www.heartmusicbeat.com:2183)] WARN  org.apache.zookeeper.ClientCnxn -
                Session 0x0 for server null, unexpected error, closing socket connection and attempting reconnect
java.net.ConnectException: Connection refused
	at sun.nio.ch.SocketChannelImpl.checkConnect(Native Method)
	at sun.nio.ch.SocketChannelImpl.finishConnect(SocketChannelImpl.java:717)
	at org.apache.zookeeper.ClientCnxn$SendThread.run(ClientCnxn.java:1143)
2018-04-13 16:24:41.670 [main] INFO  org.apache.zookeeper.ZooKeeper -
                Client environment:zookeeper.version=3.3.6-1366786, built on 07/29/2012 06:22 GMT
2018-04-13 16:24:41.683 [main] INFO  org.apache.zookeeper.ZooKeeper -
                Client environment:host.name=192.168.103.214
2018-04-13 16:24:41.683 [main] INFO  org.apache.zookeeper.ZooKeeper -
                Client environment:java.version=1.8.0_131
2018-04-13 16:24:41.683 [main] INFO  org.apache.zookeeper.ZooKeeper -
                Client environment:java.vendor=Oracle Corporation
2018-04-13 16:24:41.683 [main] INFO  org.apache.zookeeper.ZooKeeper -
                Client environment:java.home=/Library/Java/JavaVirtualMachines/jdk1.8.0_131.jdk/Contents/Home/jre
2018-04-13 16:24:41.686 [main] INFO  org.apache.zookeeper.ZooKeeper -
                Client environment:java.class.path=/Library/Java/JavaVirtualMachines/jdk1.8.0_131.jdk/Contents/Home/jre/lib/charsets.jar:/Library/Java/JavaVirtualMachines/jdk1.8.0_131.jdk/Contents/Home/jre/lib/deploy.jar:/Library/Java/JavaVirtualMachines/jdk1.8.0_131.jdk/Contents/Home/jre/lib/ext/cldrdata.jar:/Library/Java/JavaVirtualMachines/jdk1.8.0_131.jdk/Contents/Home/jre/lib/ext/dnsns.jar:/Library/Java/JavaVirtualMachines/jdk1.8.0_131.jdk/Contents/Home/jre/lib/ext/jaccess.jar:/Library/Java/JavaVirtualMachines/jdk1.8.0_131.jdk/Contents/Home/jre/lib/ext/jfxrt.jar:/Library/Java/JavaVirtualMachines/jdk1.8.0_131.jdk/Contents/Home/jre/lib/ext/localedata.jar:/Library/Java/JavaVirtualMachines/jdk1.8.0_131.jdk/Contents/Home/jre/lib/ext/nashorn.jar:/Library/Java/JavaVirtualMachines/jdk1.8.0_131.jdk/Contents/Home/jre/lib/ext/sunec.jar:/Library/Java/JavaVirtualMachines/jdk1.8.0_131.jdk/Contents/Home/jre/lib/ext/sunjce_provider.jar:/Library/Java/JavaVirtualMachines/jdk1.8.0_131.jdk/Contents/Home/jre/lib/ext/sunpkcs11.jar:/Library/Java/JavaVirtualMachines/jdk1.8.0_131.jdk/Contents/Home/jre/lib/ext/zipfs.jar:/Library/Java/JavaVirtualMachines/jdk1.8.0_131.jdk/Contents/Home/jre/lib/javaws.jar:/Library/Java/JavaVirtualMachines/jdk1.8.0_131.jdk/Contents/Home/jre/lib/jce.jar:/Library/Java/JavaVirtualMachines/jdk1.8.0_131.jdk/Contents/Home/jre/lib/jfr.jar:/Library/Java/JavaVirtualMachines/jdk1.8.0_131.jdk/Contents/Home/jre/lib/jfxswt.jar:/Library/Java/JavaVirtualMachines/jdk1.8.0_131.jdk/Contents/Home/jre/lib/jsse.jar:/Library/Java/JavaVirtualMachines/jdk1.8.0_131.jdk/Contents/Home/jre/lib/management-agent.jar:/Library/Java/JavaVirtualMachines/jdk1.8.0_131.jdk/Contents/Home/jre/lib/plugin.jar:/Library/Java/JavaVirtualMachines/jdk1.8.0_131.jdk/Contents/Home/jre/lib/resources.jar:/Library/Java/JavaVirtualMachines/jdk1.8.0_131.jdk/Contents/Home/jre/lib/rt.jar:/Library/Java/JavaVirtualMachines/jdk1.8.0_131.jdk/Contents/Home/lib/ant-javafx.jar:/Library/Java/JavaVirtualMachines/jdk1.8.0_131.jdk/Contents/Home/lib/dt.jar:/Library/Java/JavaVirtualMachines/jdk1.8.0_131.jdk/Contents/Home/lib/javafx-mx.jar:/Library/Java/JavaVirtualMachines/jdk1.8.0_131.jdk/Contents/Home/lib/jconsole.jar:/Library/Java/JavaVirtualMachines/jdk1.8.0_131.jdk/Contents/Home/lib/packager.jar:/Library/Java/JavaVirtualMachines/jdk1.8.0_131.jdk/Contents/Home/lib/sa-jdi.jar:/Library/Java/JavaVirtualMachines/jdk1.8.0_131.jdk/Contents/Home/lib/tools.jar:/Users/Kenvin/Downloads/blog_demos-master/zookeeperdemo/target/classes:/Users/Kenvin/.m2/repository/org/springframework/boot/spring-boot-starter-thymeleaf/1.3.5.RELEASE/spring-boot-starter-thymeleaf-1.3.5.RELEASE.jar:/Users/Kenvin/.m2/repository/org/springframework/boot/spring-boot-starter/1.3.5.RELEASE/spring-boot-starter-1.3.5.RELEASE.jar:/Users/Kenvin/.m2/repository/org/springframework/boot/spring-boot/1.3.5.RELEASE/spring-boot-1.3.5.RELEASE.jar:/Users/Kenvin/.m2/repository/org/springframework/spring-context/4.2.6.RELEASE/spring-context-4.2.6.RELEASE.jar:/Users/Kenvin/.m2/repository/org/springframework/boot/spring-boot-autoconfigure/1.3.5.RELEASE/spring-boot-autoconfigure-1.3.5.RELEASE.jar:/Users/Kenvin/.m2/repository/org/springframework/boot/spring-boot-starter-logging/1.3.5.RELEASE/spring-boot-starter-logging-1.3.5.RELEASE.jar:/Users/Kenvin/.m2/repository/ch/qos/logback/logback-classic/1.1.7/logback-classic-1.1.7.jar:/Users/Kenvin/.m2/repository/ch/qos/logback/logback-core/1.1.7/logback-core-1.1.7.jar:/Users/Kenvin/.m2/repository/org/slf4j/jcl-over-slf4j/1.7.21/jcl-over-slf4j-1.7.21.jar:/Users/Kenvin/.m2/repository/org/slf4j/jul-to-slf4j/1.7.21/jul-to-slf4j-1.7.21.jar:/Users/Kenvin/.m2/repository/org/slf4j/log4j-over-slf4j/1.7.21/log4j-over-slf4j-1.7.21.jar:/Users/Kenvin/.m2/repository/org/yaml/snakeyaml/1.16/snakeyaml-1.16.jar:/Users/Kenvin/.m2/repository/org/springframework/boot/spring-boot-starter-web/1.3.5.RELEASE/spring-boot-starter-web-1.3.5.RELEASE.jar:/Users/Kenvin/.m2/repository/org/springframework/boot/spring-boot-starter-tomcat/1.3.5.RELEASE/spring-boot-starter-tomcat-1.3.5.RELEASE.jar:/Users/Kenvin/.m2/repository/org/apache/tomcat/embed/tomcat-embed-core/8.0.33/tomcat-embed-core-8.0.33.jar:/Users/Kenvin/.m2/repository/org/apache/tomcat/embed/tomcat-embed-el/8.0.33/tomcat-embed-el-8.0.33.jar:/Users/Kenvin/.m2/repository/org/apache/tomcat/embed/tomcat-embed-logging-juli/8.0.33/tomcat-embed-logging-juli-8.0.33.jar:/Users/Kenvin/.m2/repository/org/apache/tomcat/embed/tomcat-embed-websocket/8.0.33/tomcat-embed-websocket-8.0.33.jar:/Users/Kenvin/.m2/repository/org/springframework/boot/spring-boot-starter-validation/1.3.5.RELEASE/spring-boot-starter-validation-1.3.5.RELEASE.jar:/Users/Kenvin/.m2/repository/org/hibernate/hibernate-validator/5.2.4.Final/hibernate-validator-5.2.4.Final.jar:/Users/Kenvin/.m2/repository/javax/validation/validation-api/1.1.0.Final/validation-api-1.1.0.Final.jar:/Users/Kenvin/.m2/repository/org/jboss/logging/jboss-logging/3.3.0.Final/jboss-logging-3.3.0.Final.jar:/Users/Kenvin/.m2/repository/com/fasterxml/classmate/1.1.0/classmate-1.1.0.jar:/Users/Kenvin/.m2/repository/com/fasterxml/jackson/core/jackson-databind/2.6.6/jackson-databind-2.6.6.jar:/Users/Kenvin/.m2/repository/com/fasterxml/jackson/core/jackson-annotations/2.6.6/jackson-annotations-2.6.6.jar:/Users/Kenvin/.m2/repository/com/fasterxml/jackson/core/jackson-core/2.6.6/jackson-core-2.6.6.jar:/Users/Kenvin/.m2/repository/org/springframework/spring-web/4.2.6.RELEASE/spring-web-4.2.6.RELEASE.jar:/Users/Kenvin/.m2/repository/org/springframework/spring-aop/4.2.6.RELEASE/spring-aop-4.2.6.RELEASE.jar:/Users/Kenvin/.m2/repository/aopalliance/aopalliance/1.0/aopalliance-1.0.jar:/Users/Kenvin/.m2/repository/org/springframework/spring-beans/4.2.6.RELEASE/spring-beans-4.2.6.RELEASE.jar:/Users/Kenvin/.m2/repository/org/springframework/spring-webmvc/4.2.6.RELEASE/spring-webmvc-4.2.6.RELEASE.jar:/Users/Kenvin/.m2/repository/org/springframework/spring-expression/4.2.6.RELEASE/spring-expression-4.2.6.RELEASE.jar:/Users/Kenvin/.m2/repository/org/thymeleaf/thymeleaf-spring4/2.1.4.RELEASE/thymeleaf-spring4-2.1.4.RELEASE.jar:/Users/Kenvin/.m2/repository/org/thymeleaf/thymeleaf/2.1.4.RELEASE/thymeleaf-2.1.4.RELEASE.jar:/Users/Kenvin/.m2/repository/ognl/ognl/3.0.8/ognl-3.0.8.jar:/Users/Kenvin/.m2/repository/org/javassist/javassist/3.18.1-GA/javassist-3.18.1-GA.jar:/Users/Kenvin/.m2/repository/org/unbescape/unbescape/1.1.0.RELEASE/unbescape-1.1.0.RELEASE.jar:/Users/Kenvin/.m2/repository/org/slf4j/slf4j-api/1.7.21/slf4j-api-1.7.21.jar:/Users/Kenvin/.m2/repository/nz/net/ultraq/thymeleaf/thymeleaf-layout-dialect/1.3.3/thymeleaf-layout-dialect-1.3.3.jar:/Users/Kenvin/.m2/repository/org/codehaus/groovy/groovy/2.4.6/groovy-2.4.6.jar:/Users/Kenvin/.m2/repository/junit/junit/4.12/junit-4.12.jar:/Users/Kenvin/.m2/repository/org/hamcrest/hamcrest-core/1.3/hamcrest-core-1.3.jar:/Users/Kenvin/.m2/repository/org/springframework/spring-core/4.2.6.RELEASE/spring-core-4.2.6.RELEASE.jar:/Users/Kenvin/.m2/repository/org/apache/zookeeper/zookeeper/3.3.6/zookeeper-3.3.6.jar:/Users/Kenvin/.m2/repository/log4j/log4j/1.2.17/log4j-1.2.17.jar:/Users/Kenvin/.m2/repository/jline/jline/0.9.94/jline-0.9.94.jar:/Applications/IntelliJ IDEA.app/Contents/lib/idea_rt.jar
2018-04-13 16:24:41.688 [main] INFO  org.apache.zookeeper.ZooKeeper -
                Client environment:java.library.path=/Users/Kenvin/Library/Java/Extensions:/Library/Java/Extensions:/Network/Library/Java/Extensions:/System/Library/Java/Extensions:/usr/lib/java:.
2018-04-13 16:24:41.690 [main] INFO  org.apache.zookeeper.ZooKeeper -
                Client environment:java.io.tmpdir=/var/folders/86/4rkr83rn1ddgfcyvg4fqbm000000gn/T/
2018-04-13 16:24:41.690 [main] INFO  org.apache.zookeeper.ZooKeeper -
                Client environment:java.compiler=<NA>
2018-04-13 16:24:41.690 [main] INFO  org.apache.zookeeper.ZooKeeper -
                Client environment:os.name=Mac OS X
2018-04-13 16:24:41.690 [main] INFO  org.apache.zookeeper.ZooKeeper -
                Client environment:os.arch=x86_64
2018-04-13 16:24:41.690 [main] INFO  org.apache.zookeeper.ZooKeeper -
                Client environment:os.version=10.13.2
2018-04-13 16:24:41.691 [main] INFO  org.apache.zookeeper.ZooKeeper -
                Client environment:user.name=Kenvin
2018-04-13 16:24:41.696 [main] INFO  org.apache.zookeeper.ZooKeeper -
                Client environment:user.home=/Users/Kenvin
2018-04-13 16:24:41.696 [main] INFO  org.apache.zookeeper.ZooKeeper -
                Client environment:user.dir=/Users/Kenvin/Downloads/blog_demos-master/zookeeperdemo
2018-04-13 16:24:41.699 [main] INFO  org.apache.zookeeper.ZooKeeper -
                Initiating client connection, connectString=101.132.146.115:2181,101.132.146.115:2182,101.132.146.115:2183 sessionTimeout=5000 watcher=com.wangpu.controller.ZKGetNodeData@3c153a1
2018-04-13 16:24:41.725 [main-SendThread()] INFO  org.apache.zookeeper.ClientCnxn -
                Opening socket connection to server /101.132.146.115:2183
2018-04-13 16:24:41.954 [main-SendThread(www.heartmusicbeat.com:2183)] WARN  org.apache.zookeeper.ClientCnxn -
                Session 0x0 for server null, unexpected error, closing socket connection and attempting reconnect
java.net.ConnectException: Connection refused
	at sun.nio.ch.SocketChannelImpl.checkConnect(Native Method)
	at sun.nio.ch.SocketChannelImpl.finishConnect(SocketChannelImpl.java:717)
	at org.apache.zookeeper.ClientCnxn$SendThread.run(ClientCnxn.java:1143)
2018-04-13 16:25:06.652 [main] INFO  org.apache.zookeeper.ZooKeeper -
                Client environment:zookeeper.version=3.3.6-1366786, built on 07/29/2012 06:22 GMT
2018-04-13 16:25:06.659 [main] INFO  org.apache.zookeeper.ZooKeeper -
                Client environment:host.name=192.168.103.214
2018-04-13 16:25:06.661 [main] INFO  org.apache.zookeeper.ZooKeeper -
                Client environment:java.version=1.8.0_131
2018-04-13 16:25:06.661 [main] INFO  org.apache.zookeeper.ZooKeeper -
                Client environment:java.vendor=Oracle Corporation
2018-04-13 16:25:06.662 [main] INFO  org.apache.zookeeper.ZooKeeper -
                Client environment:java.home=/Library/Java/JavaVirtualMachines/jdk1.8.0_131.jdk/Contents/Home/jre
2018-04-13 16:25:06.662 [main] INFO  org.apache.zookeeper.ZooKeeper -
                Client environment:java.class.path=/Library/Java/JavaVirtualMachines/jdk1.8.0_131.jdk/Contents/Home/jre/lib/charsets.jar:/Library/Java/JavaVirtualMachines/jdk1.8.0_131.jdk/Contents/Home/jre/lib/deploy.jar:/Library/Java/JavaVirtualMachines/jdk1.8.0_131.jdk/Contents/Home/jre/lib/ext/cldrdata.jar:/Library/Java/JavaVirtualMachines/jdk1.8.0_131.jdk/Contents/Home/jre/lib/ext/dnsns.jar:/Library/Java/JavaVirtualMachines/jdk1.8.0_131.jdk/Contents/Home/jre/lib/ext/jaccess.jar:/Library/Java/JavaVirtualMachines/jdk1.8.0_131.jdk/Contents/Home/jre/lib/ext/jfxrt.jar:/Library/Java/JavaVirtualMachines/jdk1.8.0_131.jdk/Contents/Home/jre/lib/ext/localedata.jar:/Library/Java/JavaVirtualMachines/jdk1.8.0_131.jdk/Contents/Home/jre/lib/ext/nashorn.jar:/Library/Java/JavaVirtualMachines/jdk1.8.0_131.jdk/Contents/Home/jre/lib/ext/sunec.jar:/Library/Java/JavaVirtualMachines/jdk1.8.0_131.jdk/Contents/Home/jre/lib/ext/sunjce_provider.jar:/Library/Java/JavaVirtualMachines/jdk1.8.0_131.jdk/Contents/Home/jre/lib/ext/sunpkcs11.jar:/Library/Java/JavaVirtualMachines/jdk1.8.0_131.jdk/Contents/Home/jre/lib/ext/zipfs.jar:/Library/Java/JavaVirtualMachines/jdk1.8.0_131.jdk/Contents/Home/jre/lib/javaws.jar:/Library/Java/JavaVirtualMachines/jdk1.8.0_131.jdk/Contents/Home/jre/lib/jce.jar:/Library/Java/JavaVirtualMachines/jdk1.8.0_131.jdk/Contents/Home/jre/lib/jfr.jar:/Library/Java/JavaVirtualMachines/jdk1.8.0_131.jdk/Contents/Home/jre/lib/jfxswt.jar:/Library/Java/JavaVirtualMachines/jdk1.8.0_131.jdk/Contents/Home/jre/lib/jsse.jar:/Library/Java/JavaVirtualMachines/jdk1.8.0_131.jdk/Contents/Home/jre/lib/management-agent.jar:/Library/Java/JavaVirtualMachines/jdk1.8.0_131.jdk/Contents/Home/jre/lib/plugin.jar:/Library/Java/JavaVirtualMachines/jdk1.8.0_131.jdk/Contents/Home/jre/lib/resources.jar:/Library/Java/JavaVirtualMachines/jdk1.8.0_131.jdk/Contents/Home/jre/lib/rt.jar:/Library/Java/JavaVirtualMachines/jdk1.8.0_131.jdk/Contents/Home/lib/ant-javafx.jar:/Library/Java/JavaVirtualMachines/jdk1.8.0_131.jdk/Contents/Home/lib/dt.jar:/Library/Java/JavaVirtualMachines/jdk1.8.0_131.jdk/Contents/Home/lib/javafx-mx.jar:/Library/Java/JavaVirtualMachines/jdk1.8.0_131.jdk/Contents/Home/lib/jconsole.jar:/Library/Java/JavaVirtualMachines/jdk1.8.0_131.jdk/Contents/Home/lib/packager.jar:/Library/Java/JavaVirtualMachines/jdk1.8.0_131.jdk/Contents/Home/lib/sa-jdi.jar:/Library/Java/JavaVirtualMachines/jdk1.8.0_131.jdk/Contents/Home/lib/tools.jar:/Users/Kenvin/Downloads/blog_demos-master/zookeeperdemo/target/classes:/Users/Kenvin/.m2/repository/org/springframework/boot/spring-boot-starter-thymeleaf/1.3.5.RELEASE/spring-boot-starter-thymeleaf-1.3.5.RELEASE.jar:/Users/Kenvin/.m2/repository/org/springframework/boot/spring-boot-starter/1.3.5.RELEASE/spring-boot-starter-1.3.5.RELEASE.jar:/Users/Kenvin/.m2/repository/org/springframework/boot/spring-boot/1.3.5.RELEASE/spring-boot-1.3.5.RELEASE.jar:/Users/Kenvin/.m2/repository/org/springframework/spring-context/4.2.6.RELEASE/spring-context-4.2.6.RELEASE.jar:/Users/Kenvin/.m2/repository/org/springframework/boot/spring-boot-autoconfigure/1.3.5.RELEASE/spring-boot-autoconfigure-1.3.5.RELEASE.jar:/Users/Kenvin/.m2/repository/org/springframework/boot/spring-boot-starter-logging/1.3.5.RELEASE/spring-boot-starter-logging-1.3.5.RELEASE.jar:/Users/Kenvin/.m2/repository/ch/qos/logback/logback-classic/1.1.7/logback-classic-1.1.7.jar:/Users/Kenvin/.m2/repository/ch/qos/logback/logback-core/1.1.7/logback-core-1.1.7.jar:/Users/Kenvin/.m2/repository/org/slf4j/jcl-over-slf4j/1.7.21/jcl-over-slf4j-1.7.21.jar:/Users/Kenvin/.m2/repository/org/slf4j/jul-to-slf4j/1.7.21/jul-to-slf4j-1.7.21.jar:/Users/Kenvin/.m2/repository/org/slf4j/log4j-over-slf4j/1.7.21/log4j-over-slf4j-1.7.21.jar:/Users/Kenvin/.m2/repository/org/yaml/snakeyaml/1.16/snakeyaml-1.16.jar:/Users/Kenvin/.m2/repository/org/springframework/boot/spring-boot-starter-web/1.3.5.RELEASE/spring-boot-starter-web-1.3.5.RELEASE.jar:/Users/Kenvin/.m2/repository/org/springframework/boot/spring-boot-starter-tomcat/1.3.5.RELEASE/spring-boot-starter-tomcat-1.3.5.RELEASE.jar:/Users/Kenvin/.m2/repository/org/apache/tomcat/embed/tomcat-embed-core/8.0.33/tomcat-embed-core-8.0.33.jar:/Users/Kenvin/.m2/repository/org/apache/tomcat/embed/tomcat-embed-el/8.0.33/tomcat-embed-el-8.0.33.jar:/Users/Kenvin/.m2/repository/org/apache/tomcat/embed/tomcat-embed-logging-juli/8.0.33/tomcat-embed-logging-juli-8.0.33.jar:/Users/Kenvin/.m2/repository/org/apache/tomcat/embed/tomcat-embed-websocket/8.0.33/tomcat-embed-websocket-8.0.33.jar:/Users/Kenvin/.m2/repository/org/springframework/boot/spring-boot-starter-validation/1.3.5.RELEASE/spring-boot-starter-validation-1.3.5.RELEASE.jar:/Users/Kenvin/.m2/repository/org/hibernate/hibernate-validator/5.2.4.Final/hibernate-validator-5.2.4.Final.jar:/Users/Kenvin/.m2/repository/javax/validation/validation-api/1.1.0.Final/validation-api-1.1.0.Final.jar:/Users/Kenvin/.m2/repository/org/jboss/logging/jboss-logging/3.3.0.Final/jboss-logging-3.3.0.Final.jar:/Users/Kenvin/.m2/repository/com/fasterxml/classmate/1.1.0/classmate-1.1.0.jar:/Users/Kenvin/.m2/repository/com/fasterxml/jackson/core/jackson-databind/2.6.6/jackson-databind-2.6.6.jar:/Users/Kenvin/.m2/repository/com/fasterxml/jackson/core/jackson-annotations/2.6.6/jackson-annotations-2.6.6.jar:/Users/Kenvin/.m2/repository/com/fasterxml/jackson/core/jackson-core/2.6.6/jackson-core-2.6.6.jar:/Users/Kenvin/.m2/repository/org/springframework/spring-web/4.2.6.RELEASE/spring-web-4.2.6.RELEASE.jar:/Users/Kenvin/.m2/repository/org/springframework/spring-aop/4.2.6.RELEASE/spring-aop-4.2.6.RELEASE.jar:/Users/Kenvin/.m2/repository/aopalliance/aopalliance/1.0/aopalliance-1.0.jar:/Users/Kenvin/.m2/repository/org/springframework/spring-beans/4.2.6.RELEASE/spring-beans-4.2.6.RELEASE.jar:/Users/Kenvin/.m2/repository/org/springframework/spring-webmvc/4.2.6.RELEASE/spring-webmvc-4.2.6.RELEASE.jar:/Users/Kenvin/.m2/repository/org/springframework/spring-expression/4.2.6.RELEASE/spring-expression-4.2.6.RELEASE.jar:/Users/Kenvin/.m2/repository/org/thymeleaf/thymeleaf-spring4/2.1.4.RELEASE/thymeleaf-spring4-2.1.4.RELEASE.jar:/Users/Kenvin/.m2/repository/org/thymeleaf/thymeleaf/2.1.4.RELEASE/thymeleaf-2.1.4.RELEASE.jar:/Users/Kenvin/.m2/repository/ognl/ognl/3.0.8/ognl-3.0.8.jar:/Users/Kenvin/.m2/repository/org/javassist/javassist/3.18.1-GA/javassist-3.18.1-GA.jar:/Users/Kenvin/.m2/repository/org/unbescape/unbescape/1.1.0.RELEASE/unbescape-1.1.0.RELEASE.jar:/Users/Kenvin/.m2/repository/org/slf4j/slf4j-api/1.7.21/slf4j-api-1.7.21.jar:/Users/Kenvin/.m2/repository/nz/net/ultraq/thymeleaf/thymeleaf-layout-dialect/1.3.3/thymeleaf-layout-dialect-1.3.3.jar:/Users/Kenvin/.m2/repository/org/codehaus/groovy/groovy/2.4.6/groovy-2.4.6.jar:/Users/Kenvin/.m2/repository/junit/junit/4.12/junit-4.12.jar:/Users/Kenvin/.m2/repository/org/hamcrest/hamcrest-core/1.3/hamcrest-core-1.3.jar:/Users/Kenvin/.m2/repository/org/springframework/spring-core/4.2.6.RELEASE/spring-core-4.2.6.RELEASE.jar:/Users/Kenvin/.m2/repository/org/apache/zookeeper/zookeeper/3.3.6/zookeeper-3.3.6.jar:/Users/Kenvin/.m2/repository/log4j/log4j/1.2.17/log4j-1.2.17.jar:/Users/Kenvin/.m2/repository/jline/jline/0.9.94/jline-0.9.94.jar:/Applications/IntelliJ IDEA.app/Contents/lib/idea_rt.jar
2018-04-13 16:25:06.663 [main] INFO  org.apache.zookeeper.ZooKeeper -
                Client environment:java.library.path=/Users/Kenvin/Library/Java/Extensions:/Library/Java/Extensions:/Network/Library/Java/Extensions:/System/Library/Java/Extensions:/usr/lib/java:.
2018-04-13 16:25:06.664 [main] INFO  org.apache.zookeeper.ZooKeeper -
                Client environment:java.io.tmpdir=/var/folders/86/4rkr83rn1ddgfcyvg4fqbm000000gn/T/
2018-04-13 16:25:06.664 [main] INFO  org.apache.zookeeper.ZooKeeper -
                Client environment:java.compiler=<NA>
2018-04-13 16:25:06.664 [main] INFO  org.apache.zookeeper.ZooKeeper -
                Client environment:os.name=Mac OS X
2018-04-13 16:25:06.664 [main] INFO  org.apache.zookeeper.ZooKeeper -
                Client environment:os.arch=x86_64
2018-04-13 16:25:06.664 [main] INFO  org.apache.zookeeper.ZooKeeper -
                Client environment:os.version=10.13.2
2018-04-13 16:25:06.664 [main] INFO  org.apache.zookeeper.ZooKeeper -
                Client environment:user.name=Kenvin
2018-04-13 16:25:06.664 [main] INFO  org.apache.zookeeper.ZooKeeper -
                Client environment:user.home=/Users/Kenvin
2018-04-13 16:25:06.665 [main] INFO  org.apache.zookeeper.ZooKeeper -
                Client environment:user.dir=/Users/Kenvin/Downloads/blog_demos-master/zookeeperdemo
2018-04-13 16:25:06.667 [main] INFO  org.apache.zookeeper.ZooKeeper -
                Initiating client connection, connectString=101.132.146.115:2181,101.132.146.115:2182,101.132.146.115:2183 sessionTimeout=5000 watcher=com.wangpu.controller.ZKGetNodeData@3c153a1
2018-04-13 16:25:06.725 [main-SendThread()] INFO  org.apache.zookeeper.ClientCnxn -
                Opening socket connection to server /101.132.146.115:2183
2018-04-13 16:25:06.974 [main-SendThread(www.heartmusicbeat.com:2183)] WARN  org.apache.zookeeper.ClientCnxn -
                Session 0x0 for server null, unexpected error, closing socket connection and attempting reconnect
java.net.ConnectException: Connection refused
	at sun.nio.ch.SocketChannelImpl.checkConnect(Native Method)
	at sun.nio.ch.SocketChannelImpl.finishConnect(SocketChannelImpl.java:717)
	at org.apache.zookeeper.ClientCnxn$SendThread.run(ClientCnxn.java:1143)
2018-04-13 16:25:40.144 [main] INFO  org.apache.zookeeper.ZooKeeper -
                Client environment:zookeeper.version=3.3.6-1366786, built on 07/29/2012 06:22 GMT
2018-04-13 16:25:40.151 [main] INFO  org.apache.zookeeper.ZooKeeper -
                Client environment:host.name=192.168.103.214
2018-04-13 16:25:40.151 [main] INFO  org.apache.zookeeper.ZooKeeper -
                Client environment:java.version=1.8.0_131
2018-04-13 16:25:40.151 [main] INFO  org.apache.zookeeper.ZooKeeper -
                Client environment:java.vendor=Oracle Corporation
2018-04-13 16:25:40.151 [main] INFO  org.apache.zookeeper.ZooKeeper -
                Client environment:java.home=/Library/Java/JavaVirtualMachines/jdk1.8.0_131.jdk/Contents/Home/jre
2018-04-13 16:25:40.151 [main] INFO  org.apache.zookeeper.ZooKeeper -
                Client environment:java.class.path=/Library/Java/JavaVirtualMachines/jdk1.8.0_131.jdk/Contents/Home/jre/lib/charsets.jar:/Library/Java/JavaVirtualMachines/jdk1.8.0_131.jdk/Contents/Home/jre/lib/deploy.jar:/Library/Java/JavaVirtualMachines/jdk1.8.0_131.jdk/Contents/Home/jre/lib/ext/cldrdata.jar:/Library/Java/JavaVirtualMachines/jdk1.8.0_131.jdk/Contents/Home/jre/lib/ext/dnsns.jar:/Library/Java/JavaVirtualMachines/jdk1.8.0_131.jdk/Contents/Home/jre/lib/ext/jaccess.jar:/Library/Java/JavaVirtualMachines/jdk1.8.0_131.jdk/Contents/Home/jre/lib/ext/jfxrt.jar:/Library/Java/JavaVirtualMachines/jdk1.8.0_131.jdk/Contents/Home/jre/lib/ext/localedata.jar:/Library/Java/JavaVirtualMachines/jdk1.8.0_131.jdk/Contents/Home/jre/lib/ext/nashorn.jar:/Library/Java/JavaVirtualMachines/jdk1.8.0_131.jdk/Contents/Home/jre/lib/ext/sunec.jar:/Library/Java/JavaVirtualMachines/jdk1.8.0_131.jdk/Contents/Home/jre/lib/ext/sunjce_provider.jar:/Library/Java/JavaVirtualMachines/jdk1.8.0_131.jdk/Contents/Home/jre/lib/ext/sunpkcs11.jar:/Library/Java/JavaVirtualMachines/jdk1.8.0_131.jdk/Contents/Home/jre/lib/ext/zipfs.jar:/Library/Java/JavaVirtualMachines/jdk1.8.0_131.jdk/Contents/Home/jre/lib/javaws.jar:/Library/Java/JavaVirtualMachines/jdk1.8.0_131.jdk/Contents/Home/jre/lib/jce.jar:/Library/Java/JavaVirtualMachines/jdk1.8.0_131.jdk/Contents/Home/jre/lib/jfr.jar:/Library/Java/JavaVirtualMachines/jdk1.8.0_131.jdk/Contents/Home/jre/lib/jfxswt.jar:/Library/Java/JavaVirtualMachines/jdk1.8.0_131.jdk/Contents/Home/jre/lib/jsse.jar:/Library/Java/JavaVirtualMachines/jdk1.8.0_131.jdk/Contents/Home/jre/lib/management-agent.jar:/Library/Java/JavaVirtualMachines/jdk1.8.0_131.jdk/Contents/Home/jre/lib/plugin.jar:/Library/Java/JavaVirtualMachines/jdk1.8.0_131.jdk/Contents/Home/jre/lib/resources.jar:/Library/Java/JavaVirtualMachines/jdk1.8.0_131.jdk/Contents/Home/jre/lib/rt.jar:/Library/Java/JavaVirtualMachines/jdk1.8.0_131.jdk/Contents/Home/lib/ant-javafx.jar:/Library/Java/JavaVirtualMachines/jdk1.8.0_131.jdk/Contents/Home/lib/dt.jar:/Library/Java/JavaVirtualMachines/jdk1.8.0_131.jdk/Contents/Home/lib/javafx-mx.jar:/Library/Java/JavaVirtualMachines/jdk1.8.0_131.jdk/Contents/Home/lib/jconsole.jar:/Library/Java/JavaVirtualMachines/jdk1.8.0_131.jdk/Contents/Home/lib/packager.jar:/Library/Java/JavaVirtualMachines/jdk1.8.0_131.jdk/Contents/Home/lib/sa-jdi.jar:/Library/Java/JavaVirtualMachines/jdk1.8.0_131.jdk/Contents/Home/lib/tools.jar:/Users/Kenvin/Downloads/blog_demos-master/zookeeperdemo/target/classes:/Users/Kenvin/.m2/repository/org/springframework/boot/spring-boot-starter-thymeleaf/1.3.5.RELEASE/spring-boot-starter-thymeleaf-1.3.5.RELEASE.jar:/Users/Kenvin/.m2/repository/org/springframework/boot/spring-boot-starter/1.3.5.RELEASE/spring-boot-starter-1.3.5.RELEASE.jar:/Users/Kenvin/.m2/repository/org/springframework/boot/spring-boot/1.3.5.RELEASE/spring-boot-1.3.5.RELEASE.jar:/Users/Kenvin/.m2/repository/org/springframework/spring-context/4.2.6.RELEASE/spring-context-4.2.6.RELEASE.jar:/Users/Kenvin/.m2/repository/org/springframework/boot/spring-boot-autoconfigure/1.3.5.RELEASE/spring-boot-autoconfigure-1.3.5.RELEASE.jar:/Users/Kenvin/.m2/repository/org/springframework/boot/spring-boot-starter-logging/1.3.5.RELEASE/spring-boot-starter-logging-1.3.5.RELEASE.jar:/Users/Kenvin/.m2/repository/ch/qos/logback/logback-classic/1.1.7/logback-classic-1.1.7.jar:/Users/Kenvin/.m2/repository/ch/qos/logback/logback-core/1.1.7/logback-core-1.1.7.jar:/Users/Kenvin/.m2/repository/org/slf4j/jcl-over-slf4j/1.7.21/jcl-over-slf4j-1.7.21.jar:/Users/Kenvin/.m2/repository/org/slf4j/jul-to-slf4j/1.7.21/jul-to-slf4j-1.7.21.jar:/Users/Kenvin/.m2/repository/org/slf4j/log4j-over-slf4j/1.7.21/log4j-over-slf4j-1.7.21.jar:/Users/Kenvin/.m2/repository/org/yaml/snakeyaml/1.16/snakeyaml-1.16.jar:/Users/Kenvin/.m2/repository/org/springframework/boot/spring-boot-starter-web/1.3.5.RELEASE/spring-boot-starter-web-1.3.5.RELEASE.jar:/Users/Kenvin/.m2/repository/org/springframework/boot/spring-boot-starter-tomcat/1.3.5.RELEASE/spring-boot-starter-tomcat-1.3.5.RELEASE.jar:/Users/Kenvin/.m2/repository/org/apache/tomcat/embed/tomcat-embed-core/8.0.33/tomcat-embed-core-8.0.33.jar:/Users/Kenvin/.m2/repository/org/apache/tomcat/embed/tomcat-embed-el/8.0.33/tomcat-embed-el-8.0.33.jar:/Users/Kenvin/.m2/repository/org/apache/tomcat/embed/tomcat-embed-logging-juli/8.0.33/tomcat-embed-logging-juli-8.0.33.jar:/Users/Kenvin/.m2/repository/org/apache/tomcat/embed/tomcat-embed-websocket/8.0.33/tomcat-embed-websocket-8.0.33.jar:/Users/Kenvin/.m2/repository/org/springframework/boot/spring-boot-starter-validation/1.3.5.RELEASE/spring-boot-starter-validation-1.3.5.RELEASE.jar:/Users/Kenvin/.m2/repository/org/hibernate/hibernate-validator/5.2.4.Final/hibernate-validator-5.2.4.Final.jar:/Users/Kenvin/.m2/repository/javax/validation/validation-api/1.1.0.Final/validation-api-1.1.0.Final.jar:/Users/Kenvin/.m2/repository/org/jboss/logging/jboss-logging/3.3.0.Final/jboss-logging-3.3.0.Final.jar:/Users/Kenvin/.m2/repository/com/fasterxml/classmate/1.1.0/classmate-1.1.0.jar:/Users/Kenvin/.m2/repository/com/fasterxml/jackson/core/jackson-databind/2.6.6/jackson-databind-2.6.6.jar:/Users/Kenvin/.m2/repository/com/fasterxml/jackson/core/jackson-annotations/2.6.6/jackson-annotations-2.6.6.jar:/Users/Kenvin/.m2/repository/com/fasterxml/jackson/core/jackson-core/2.6.6/jackson-core-2.6.6.jar:/Users/Kenvin/.m2/repository/org/springframework/spring-web/4.2.6.RELEASE/spring-web-4.2.6.RELEASE.jar:/Users/Kenvin/.m2/repository/org/springframework/spring-aop/4.2.6.RELEASE/spring-aop-4.2.6.RELEASE.jar:/Users/Kenvin/.m2/repository/aopalliance/aopalliance/1.0/aopalliance-1.0.jar:/Users/Kenvin/.m2/repository/org/springframework/spring-beans/4.2.6.RELEASE/spring-beans-4.2.6.RELEASE.jar:/Users/Kenvin/.m2/repository/org/springframework/spring-webmvc/4.2.6.RELEASE/spring-webmvc-4.2.6.RELEASE.jar:/Users/Kenvin/.m2/repository/org/springframework/spring-expression/4.2.6.RELEASE/spring-expression-4.2.6.RELEASE.jar:/Users/Kenvin/.m2/repository/org/thymeleaf/thymeleaf-spring4/2.1.4.RELEASE/thymeleaf-spring4-2.1.4.RELEASE.jar:/Users/Kenvin/.m2/repository/org/thymeleaf/thymeleaf/2.1.4.RELEASE/thymeleaf-2.1.4.RELEASE.jar:/Users/Kenvin/.m2/repository/ognl/ognl/3.0.8/ognl-3.0.8.jar:/Users/Kenvin/.m2/repository/org/javassist/javassist/3.18.1-GA/javassist-3.18.1-GA.jar:/Users/Kenvin/.m2/repository/org/unbescape/unbescape/1.1.0.RELEASE/unbescape-1.1.0.RELEASE.jar:/Users/Kenvin/.m2/repository/org/slf4j/slf4j-api/1.7.21/slf4j-api-1.7.21.jar:/Users/Kenvin/.m2/repository/nz/net/ultraq/thymeleaf/thymeleaf-layout-dialect/1.3.3/thymeleaf-layout-dialect-1.3.3.jar:/Users/Kenvin/.m2/repository/org/codehaus/groovy/groovy/2.4.6/groovy-2.4.6.jar:/Users/Kenvin/.m2/repository/junit/junit/4.12/junit-4.12.jar:/Users/Kenvin/.m2/repository/org/hamcrest/hamcrest-core/1.3/hamcrest-core-1.3.jar:/Users/Kenvin/.m2/repository/org/springframework/spring-core/4.2.6.RELEASE/spring-core-4.2.6.RELEASE.jar:/Users/Kenvin/.m2/repository/org/apache/zookeeper/zookeeper/3.3.6/zookeeper-3.3.6.jar:/Users/Kenvin/.m2/repository/log4j/log4j/1.2.17/log4j-1.2.17.jar:/Users/Kenvin/.m2/repository/jline/jline/0.9.94/jline-0.9.94.jar:/Applications/IntelliJ IDEA.app/Contents/lib/idea_rt.jar
2018-04-13 16:25:40.152 [main] INFO  org.apache.zookeeper.ZooKeeper -
                Client environment:java.library.path=/Users/Kenvin/Library/Java/Extensions:/Library/Java/Extensions:/Network/Library/Java/Extensions:/System/Library/Java/Extensions:/usr/lib/java:.
2018-04-13 16:25:40.152 [main] INFO  org.apache.zookeeper.ZooKeeper -
                Client environment:java.io.tmpdir=/var/folders/86/4rkr83rn1ddgfcyvg4fqbm000000gn/T/
2018-04-13 16:25:40.152 [main] INFO  org.apache.zookeeper.ZooKeeper -
                Client environment:java.compiler=<NA>
2018-04-13 16:25:40.153 [main] INFO  org.apache.zookeeper.ZooKeeper -
                Client environment:os.name=Mac OS X
2018-04-13 16:25:40.153 [main] INFO  org.apache.zookeeper.ZooKeeper -
                Client environment:os.arch=x86_64
2018-04-13 16:25:40.153 [main] INFO  org.apache.zookeeper.ZooKeeper -
                Client environment:os.version=10.13.2
2018-04-13 16:25:40.153 [main] INFO  org.apache.zookeeper.ZooKeeper -
                Client environment:user.name=Kenvin
2018-04-13 16:25:40.153 [main] INFO  org.apache.zookeeper.ZooKeeper -
                Client environment:user.home=/Users/Kenvin
2018-04-13 16:25:40.154 [main] INFO  org.apache.zookeeper.ZooKeeper -
                Client environment:user.dir=/Users/Kenvin/Downloads/blog_demos-master/zookeeperdemo
2018-04-13 16:25:40.156 [main] INFO  org.apache.zookeeper.ZooKeeper -
                Initiating client connection, connectString=101.132.146.115:2181,101.132.146.115:2182,101.132.146.115:2183 sessionTimeout=5000 watcher=com.wangpu.controller.ZKGetNodeData@3c153a1
2018-04-13 16:25:40.188 [main-SendThread()] INFO  org.apache.zookeeper.ClientCnxn -
                Opening socket connection to server /101.132.146.115:2181
2018-04-13 16:25:40.321 [main-SendThread(www.heartmusicbeat.com:2181)] INFO  org.apache.zookeeper.ClientCnxn -
                Socket connection established to www.heartmusicbeat.com/101.132.146.115:2181, initiating session
2018-04-13 16:25:40.344 [main-SendThread(www.heartmusicbeat.com:2181)] INFO  org.apache.zookeeper.ClientCnxn -
                Session establishment complete on server www.heartmusicbeat.com/101.132.146.115:2181, sessionid = 0x162bd043475002a, negotiated timeout = 5000
2018-04-13 16:25:54.401 [main-EventThread] INFO  org.apache.zookeeper.ZooKeeper -
                Initiating client connection, connectString=101.132.146.115:2181,101.132.146.115:2182,101.132.146.115:2183 sessionTimeout=5000 watcher=com.wangpu.controller.ZKGetNodeData@57b480db
2018-04-13 16:25:54.402 [main-SendThread()] INFO  org.apache.zookeeper.ClientCnxn -
                Opening socket connection to server /101.132.146.115:2182
2018-04-13 16:25:54.412 [main-SendThread(www.heartmusicbeat.com:2182)] INFO  org.apache.zookeeper.ClientCnxn -
                Socket connection established to www.heartmusicbeat.com/101.132.146.115:2182, initiating session
2018-04-13 16:25:54.423 [main-SendThread(www.heartmusicbeat.com:2182)] INFO  org.apache.zookeeper.ClientCnxn -
                Session establishment complete on server www.heartmusicbeat.com/101.132.146.115:2182, sessionid = 0x262bd043471001c, negotiated timeout = 5000
2018-04-13 16:25:58.673 [main-SendThread(www.heartmusicbeat.com:2181)] INFO  org.apache.zookeeper.ClientCnxn -
                Client session timed out, have not heard from server in 4274ms for sessionid 0x162bd043475002a, closing socket connection and attempting reconnect
2018-04-13 16:25:58.673 [main-SendThread(www.heartmusicbeat.com:2182)] INFO  org.apache.zookeeper.ClientCnxn -
                Client session timed out, have not heard from server in 4248ms for sessionid 0x262bd043471001c, closing socket connection and attempting reconnect
